[2020-05-28 20:41:45,903] INFO Registered kafka:type=kafka.Log4jController MBean (kafka.utils.Log4jControllerRegistration$)
[2020-05-28 20:41:46,328] INFO starting (kafka.server.KafkaServer)
[2020-05-28 20:41:46,329] INFO Connecting to zookeeper on localhost:2181 (kafka.server.KafkaServer)
[2020-05-28 20:41:46,348] INFO [ZooKeeperClient] Initializing a new session to localhost:2181. (kafka.zookeeper.ZooKeeperClient)
[2020-05-28 20:41:46,355] INFO Client environment:zookeeper.version=3.4.13-2d71af4dbe22557fda74f9a9b4309b15a7487f03, built on 06/29/2018 00:39 GMT (org.apache.zookeeper.ZooKeeper)
[2020-05-28 20:41:46,355] INFO Client environment:host.name=localhost (org.apache.zookeeper.ZooKeeper)
[2020-05-28 20:41:46,355] INFO Client environment:java.version=1.8.0_241 (org.apache.zookeeper.ZooKeeper)
[2020-05-28 20:41:46,355] INFO Client environment:java.vendor=Oracle Corporation (org.apache.zookeeper.ZooKeeper)
[2020-05-28 20:41:46,355] INFO Client environment:java.home=/Library/Java/JavaVirtualMachines/jdk1.8.0_241.jdk/Contents/Home/jre (org.apache.zookeeper.ZooKeeper)
[2020-05-28 20:41:46,355] INFO Client environment:java.class.path=.:%JAVA_HOME%libdt.jar:%JAVA_HOME%libtools.jar:/worker/java/kafka2.11-2.1.1/bin/../libs/activation-1.1.1.jar:/worker/java/kafka2.11-2.1.1/bin/../libs/aopalliance-repackaged-2.5.0-b42.jar:/worker/java/kafka2.11-2.1.1/bin/../libs/argparse4j-0.7.0.jar:/worker/java/kafka2.11-2.1.1/bin/../libs/audience-annotations-0.5.0.jar:/worker/java/kafka2.11-2.1.1/bin/../libs/commons-lang3-3.8.1.jar:/worker/java/kafka2.11-2.1.1/bin/../libs/connect-api-2.1.1.jar:/worker/java/kafka2.11-2.1.1/bin/../libs/connect-basic-auth-extension-2.1.1.jar:/worker/java/kafka2.11-2.1.1/bin/../libs/connect-file-2.1.1.jar:/worker/java/kafka2.11-2.1.1/bin/../libs/connect-json-2.1.1.jar:/worker/java/kafka2.11-2.1.1/bin/../libs/connect-runtime-2.1.1.jar:/worker/java/kafka2.11-2.1.1/bin/../libs/connect-transforms-2.1.1.jar:/worker/java/kafka2.11-2.1.1/bin/../libs/guava-20.0.jar:/worker/java/kafka2.11-2.1.1/bin/../libs/hk2-api-2.5.0-b42.jar:/worker/java/kafka2.11-2.1.1/bin/../libs/hk2-locator-2.5.0-b42.jar:/worker/java/kafka2.11-2.1.1/bin/../libs/hk2-utils-2.5.0-b42.jar:/worker/java/kafka2.11-2.1.1/bin/../libs/jackson-annotations-2.9.8.jar:/worker/java/kafka2.11-2.1.1/bin/../libs/jackson-core-2.9.8.jar:/worker/java/kafka2.11-2.1.1/bin/../libs/jackson-databind-2.9.8.jar:/worker/java/kafka2.11-2.1.1/bin/../libs/jackson-jaxrs-base-2.9.8.jar:/worker/java/kafka2.11-2.1.1/bin/../libs/jackson-jaxrs-json-provider-2.9.8.jar:/worker/java/kafka2.11-2.1.1/bin/../libs/jackson-module-jaxb-annotations-2.9.8.jar:/worker/java/kafka2.11-2.1.1/bin/../libs/javassist-3.22.0-CR2.jar:/worker/java/kafka2.11-2.1.1/bin/../libs/javax.annotation-api-1.2.jar:/worker/java/kafka2.11-2.1.1/bin/../libs/javax.inject-1.jar:/worker/java/kafka2.11-2.1.1/bin/../libs/javax.inject-2.5.0-b42.jar:/worker/java/kafka2.11-2.1.1/bin/../libs/javax.servlet-api-3.1.0.jar:/worker/java/kafka2.11-2.1.1/bin/../libs/javax.ws.rs-api-2.1.1.jar:/worker/java/kafka2.11-2.1.1/bin/../libs/javax.ws.rs-api-2.1.jar:/worker/java/kafka2.11-2.1.1/bin/../libs/jaxb-api-2.3.0.jar:/worker/java/kafka2.11-2.1.1/bin/../libs/jersey-client-2.27.jar:/worker/java/kafka2.11-2.1.1/bin/../libs/jersey-common-2.27.jar:/worker/java/kafka2.11-2.1.1/bin/../libs/jersey-container-servlet-2.27.jar:/worker/java/kafka2.11-2.1.1/bin/../libs/jersey-container-servlet-core-2.27.jar:/worker/java/kafka2.11-2.1.1/bin/../libs/jersey-hk2-2.27.jar:/worker/java/kafka2.11-2.1.1/bin/../libs/jersey-media-jaxb-2.27.jar:/worker/java/kafka2.11-2.1.1/bin/../libs/jersey-server-2.27.jar:/worker/java/kafka2.11-2.1.1/bin/../libs/jetty-client-9.4.12.v20180830.jar:/worker/java/kafka2.11-2.1.1/bin/../libs/jetty-continuation-9.4.12.v20180830.jar:/worker/java/kafka2.11-2.1.1/bin/../libs/jetty-http-9.4.12.v20180830.jar:/worker/java/kafka2.11-2.1.1/bin/../libs/jetty-io-9.4.12.v20180830.jar:/worker/java/kafka2.11-2.1.1/bin/../libs/jetty-security-9.4.12.v20180830.jar:/worker/java/kafka2.11-2.1.1/bin/../libs/jetty-server-9.4.12.v20180830.jar:/worker/java/kafka2.11-2.1.1/bin/../libs/jetty-servlet-9.4.12.v20180830.jar:/worker/java/kafka2.11-2.1.1/bin/../libs/jetty-servlets-9.4.12.v20180830.jar:/worker/java/kafka2.11-2.1.1/bin/../libs/jetty-util-9.4.12.v20180830.jar:/worker/java/kafka2.11-2.1.1/bin/../libs/jopt-simple-5.0.4.jar:/worker/java/kafka2.11-2.1.1/bin/../libs/kafka-clients-2.1.1.jar:/worker/java/kafka2.11-2.1.1/bin/../libs/kafka-log4j-appender-2.1.1.jar:/worker/java/kafka2.11-2.1.1/bin/../libs/kafka-streams-2.1.1.jar:/worker/java/kafka2.11-2.1.1/bin/../libs/kafka-streams-examples-2.1.1.jar:/worker/java/kafka2.11-2.1.1/bin/../libs/kafka-streams-scala_2.11-2.1.1.jar:/worker/java/kafka2.11-2.1.1/bin/../libs/kafka-streams-test-utils-2.1.1.jar:/worker/java/kafka2.11-2.1.1/bin/../libs/kafka-tools-2.1.1.jar:/worker/java/kafka2.11-2.1.1/bin/../libs/kafka_2.11-2.1.1-sources.jar:/worker/java/kafka2.11-2.1.1/bin/../libs/kafka_2.11-2.1.1.jar:/worker/java/kafka2.11-2.1.1/bin/../libs/log4j-1.2.17.jar:/worker/java/kafka2.11-2.1.1/bin/../libs/lz4-java-1.5.0.jar:/worker/java/kafka2.11-2.1.1/bin/../libs/maven-artifact-3.6.0.jar:/worker/java/kafka2.11-2.1.1/bin/../libs/metrics-core-2.2.0.jar:/worker/java/kafka2.11-2.1.1/bin/../libs/osgi-resource-locator-1.0.1.jar:/worker/java/kafka2.11-2.1.1/bin/../libs/plexus-utils-3.1.0.jar:/worker/java/kafka2.11-2.1.1/bin/../libs/reflections-0.9.11.jar:/worker/java/kafka2.11-2.1.1/bin/../libs/rocksdbjni-5.14.2.jar:/worker/java/kafka2.11-2.1.1/bin/../libs/scala-library-2.11.12.jar:/worker/java/kafka2.11-2.1.1/bin/../libs/scala-logging_2.11-3.9.0.jar:/worker/java/kafka2.11-2.1.1/bin/../libs/scala-reflect-2.11.12.jar:/worker/java/kafka2.11-2.1.1/bin/../libs/slf4j-api-1.7.25.jar:/worker/java/kafka2.11-2.1.1/bin/../libs/slf4j-log4j12-1.7.25.jar:/worker/java/kafka2.11-2.1.1/bin/../libs/snappy-java-1.1.7.2.jar:/worker/java/kafka2.11-2.1.1/bin/../libs/validation-api-1.1.0.Final.jar:/worker/java/kafka2.11-2.1.1/bin/../libs/zkclient-0.11.jar:/worker/java/kafka2.11-2.1.1/bin/../libs/zookeeper-3.4.13.jar:/worker/java/kafka2.11-2.1.1/bin/../libs/zstd-jni-1.3.7-1.jar (org.apache.zookeeper.ZooKeeper)
[2020-05-28 20:41:46,356] INFO Client environment:java.library.path=/Users/zscome/Library/Java/Extensions:/Library/Java/Extensions:/Network/Library/Java/Extensions:/System/Library/Java/Extensions:/usr/lib/java:. (org.apache.zookeeper.ZooKeeper)
[2020-05-28 20:41:46,356] INFO Client environment:java.io.tmpdir=/var/folders/g1/vpt8s3rs4bxb_3fs1yb46f4h0000gn/T/ (org.apache.zookeeper.ZooKeeper)
[2020-05-28 20:41:46,356] INFO Client environment:java.compiler=<NA> (org.apache.zookeeper.ZooKeeper)
[2020-05-28 20:41:46,356] INFO Client environment:os.name=Mac OS X (org.apache.zookeeper.ZooKeeper)
[2020-05-28 20:41:46,356] INFO Client environment:os.arch=x86_64 (org.apache.zookeeper.ZooKeeper)
[2020-05-28 20:41:46,356] INFO Client environment:os.version=10.13.6 (org.apache.zookeeper.ZooKeeper)
[2020-05-28 20:41:46,357] INFO Client environment:user.name=zscome (org.apache.zookeeper.ZooKeeper)
[2020-05-28 20:41:46,357] INFO Client environment:user.home=/Users/zscome (org.apache.zookeeper.ZooKeeper)
[2020-05-28 20:41:46,357] INFO Client environment:user.dir=/huyue/workspace/java/kafka2.11-2.1.1/bin (org.apache.zookeeper.ZooKeeper)
[2020-05-28 20:41:46,359] INFO Initiating client connection, connectString=localhost:2181 sessionTimeout=6000 watcher=kafka.zookeeper.ZooKeeperClient$ZooKeeperClientWatcher$@6069db50 (org.apache.zookeeper.ZooKeeper)
[2020-05-28 20:41:46,377] INFO [ZooKeeperClient] Waiting until connected. (kafka.zookeeper.ZooKeeperClient)
[2020-05-28 20:41:46,378] INFO Opening socket connection to server localhost/172.16.43.154:2181. Will not attempt to authenticate using SASL (unknown error) (org.apache.zookeeper.ClientCnxn)
[2020-05-28 20:41:46,405] INFO Socket connection established to localhost/172.16.43.154:2181, initiating session (org.apache.zookeeper.ClientCnxn)
[2020-05-28 20:41:46,434] INFO Session establishment complete on server localhost/172.16.43.154:2181, sessionid = 0x1725b4d80100000, negotiated timeout = 6000 (org.apache.zookeeper.ClientCnxn)
[2020-05-28 20:41:46,438] INFO [ZooKeeperClient] Connected. (kafka.zookeeper.ZooKeeperClient)
[2020-05-28 20:41:46,786] INFO Cluster ID = o1e2Ulp5SJavbLAxvpC15g (kafka.server.KafkaServer)
[2020-05-28 20:41:46,884] INFO KafkaConfig values: 
	advertised.host.name = null
	advertised.listeners = null
	advertised.port = null
	alter.config.policy.class.name = null
	alter.log.dirs.replication.quota.window.num = 11
	alter.log.dirs.replication.quota.window.size.seconds = 1
	authorizer.class.name = 
	auto.create.topics.enable = true
	auto.leader.rebalance.enable = true
	background.threads = 10
	broker.id = 0
	broker.id.generation.enable = true
	broker.rack = null
	client.quota.callback.class = null
	compression.type = producer
	connection.failed.authentication.delay.ms = 100
	connections.max.idle.ms = 600000
	controlled.shutdown.enable = true
	controlled.shutdown.max.retries = 3
	controlled.shutdown.retry.backoff.ms = 5000
	controller.socket.timeout.ms = 30000
	create.topic.policy.class.name = null
	default.replication.factor = 1
	delegation.token.expiry.check.interval.ms = 3600000
	delegation.token.expiry.time.ms = 86400000
	delegation.token.master.key = null
	delegation.token.max.lifetime.ms = 604800000
	delete.records.purgatory.purge.interval.requests = 1
	delete.topic.enable = true
	fetch.purgatory.purge.interval.requests = 1000
	group.initial.rebalance.delay.ms = 0
	group.max.session.timeout.ms = 300000
	group.min.session.timeout.ms = 6000
	host.name = 
	inter.broker.listener.name = null
	inter.broker.protocol.version = 2.1-IV2
	kafka.metrics.polling.interval.secs = 10
	kafka.metrics.reporters = []
	leader.imbalance.check.interval.seconds = 300
	leader.imbalance.per.broker.percentage = 10
	listener.security.protocol.map = PLAINTEXT:PLAINTEXT,SSL:SSL,SASL_PLAINTEXT:SASL_PLAINTEXT,SASL_SSL:SASL_SSL
	listeners = null
	log.cleaner.backoff.ms = 15000
	log.cleaner.dedupe.buffer.size = 134217728
	log.cleaner.delete.retention.ms = 86400000
	log.cleaner.enable = true
	log.cleaner.io.buffer.load.factor = 0.9
	log.cleaner.io.buffer.size = 524288
	log.cleaner.io.max.bytes.per.second = 1.7976931348623157E308
	log.cleaner.min.cleanable.ratio = 0.5
	log.cleaner.min.compaction.lag.ms = 0
	log.cleaner.threads = 1
	log.cleanup.policy = [delete]
	log.dir = /tmp/kafka-logs
	log.dirs = /tmp/kafka-logs
	log.flush.interval.messages = 9223372036854775807
	log.flush.interval.ms = null
	log.flush.offset.checkpoint.interval.ms = 60000
	log.flush.scheduler.interval.ms = 9223372036854775807
	log.flush.start.offset.checkpoint.interval.ms = 60000
	log.index.interval.bytes = 4096
	log.index.size.max.bytes = 10485760
	log.message.downconversion.enable = true
	log.message.format.version = 2.1-IV2
	log.message.timestamp.difference.max.ms = 9223372036854775807
	log.message.timestamp.type = CreateTime
	log.preallocate = false
	log.retention.bytes = -1
	log.retention.check.interval.ms = 300000
	log.retention.hours = 168
	log.retention.minutes = null
	log.retention.ms = null
	log.roll.hours = 168
	log.roll.jitter.hours = 0
	log.roll.jitter.ms = null
	log.roll.ms = null
	log.segment.bytes = 1073741824
	log.segment.delete.delay.ms = 60000
	max.connections.per.ip = 2147483647
	max.connections.per.ip.overrides = 
	max.incremental.fetch.session.cache.slots = 1000
	message.max.bytes = 1000012
	metric.reporters = []
	metrics.num.samples = 2
	metrics.recording.level = INFO
	metrics.sample.window.ms = 30000
	min.insync.replicas = 1
	num.io.threads = 8
	num.network.threads = 3
	num.partitions = 1
	num.recovery.threads.per.data.dir = 1
	num.replica.alter.log.dirs.threads = null
	num.replica.fetchers = 1
	offset.metadata.max.bytes = 4096
	offsets.commit.required.acks = -1
	offsets.commit.timeout.ms = 5000
	offsets.load.buffer.size = 5242880
	offsets.retention.check.interval.ms = 600000
	offsets.retention.minutes = 10080
	offsets.topic.compression.codec = 0
	offsets.topic.num.partitions = 50
	offsets.topic.replication.factor = 1
	offsets.topic.segment.bytes = 104857600
	password.encoder.cipher.algorithm = AES/CBC/PKCS5Padding
	password.encoder.iterations = 4096
	password.encoder.key.length = 128
	password.encoder.keyfactory.algorithm = null
	password.encoder.old.secret = null
	password.encoder.secret = null
	port = 9092
	principal.builder.class = null
	producer.purgatory.purge.interval.requests = 1000
	queued.max.request.bytes = -1
	queued.max.requests = 500
	quota.consumer.default = 9223372036854775807
	quota.producer.default = 9223372036854775807
	quota.window.num = 11
	quota.window.size.seconds = 1
	replica.fetch.backoff.ms = 1000
	replica.fetch.max.bytes = 1048576
	replica.fetch.min.bytes = 1
	replica.fetch.response.max.bytes = 10485760
	replica.fetch.wait.max.ms = 500
	replica.high.watermark.checkpoint.interval.ms = 5000
	replica.lag.time.max.ms = 10000
	replica.socket.receive.buffer.bytes = 65536
	replica.socket.timeout.ms = 30000
	replication.quota.window.num = 11
	replication.quota.window.size.seconds = 1
	request.timeout.ms = 30000
	reserved.broker.max.id = 1000
	sasl.client.callback.handler.class = null
	sasl.enabled.mechanisms = [GSSAPI]
	sasl.jaas.config = null
	sasl.kerberos.kinit.cmd = /usr/bin/kinit
	sasl.kerberos.min.time.before.relogin = 60000
	sasl.kerberos.principal.to.local.rules = [DEFAULT]
	sasl.kerberos.service.name = null
	sasl.kerberos.ticket.renew.jitter = 0.05
	sasl.kerberos.ticket.renew.window.factor = 0.8
	sasl.login.callback.handler.class = null
	sasl.login.class = null
	sasl.login.refresh.buffer.seconds = 300
	sasl.login.refresh.min.period.seconds = 60
	sasl.login.refresh.window.factor = 0.8
	sasl.login.refresh.window.jitter = 0.05
	sasl.mechanism.inter.broker.protocol = GSSAPI
	sasl.server.callback.handler.class = null
	security.inter.broker.protocol = PLAINTEXT
	socket.receive.buffer.bytes = 102400
	socket.request.max.bytes = 104857600
	socket.send.buffer.bytes = 102400
	ssl.cipher.suites = []
	ssl.client.auth = none
	ssl.enabled.protocols = [TLSv1.2, TLSv1.1, TLSv1]
	ssl.endpoint.identification.algorithm = https
	ssl.key.password = null
	ssl.keymanager.algorithm = SunX509
	ssl.keystore.location = null
	ssl.keystore.password = null
	ssl.keystore.type = JKS
	ssl.protocol = TLS
	ssl.provider = null
	ssl.secure.random.implementation = null
	ssl.trustmanager.algorithm = PKIX
	ssl.truststore.location = null
	ssl.truststore.password = null
	ssl.truststore.type = JKS
	transaction.abort.timed.out.transaction.cleanup.interval.ms = 60000
	transaction.max.timeout.ms = 900000
	transaction.remove.expired.transaction.cleanup.interval.ms = 3600000
	transaction.state.log.load.buffer.size = 5242880
	transaction.state.log.min.isr = 1
	transaction.state.log.num.partitions = 50
	transaction.state.log.replication.factor = 1
	transaction.state.log.segment.bytes = 104857600
	transactional.id.expiration.ms = 604800000
	unclean.leader.election.enable = false
	zookeeper.connect = localhost:2181
	zookeeper.connection.timeout.ms = 6000
	zookeeper.max.in.flight.requests = 10
	zookeeper.session.timeout.ms = 6000
	zookeeper.set.acl = false
	zookeeper.sync.time.ms = 2000
 (kafka.server.KafkaConfig)
[2020-05-28 20:41:46,899] INFO KafkaConfig values: 
	advertised.host.name = null
	advertised.listeners = null
	advertised.port = null
	alter.config.policy.class.name = null
	alter.log.dirs.replication.quota.window.num = 11
	alter.log.dirs.replication.quota.window.size.seconds = 1
	authorizer.class.name = 
	auto.create.topics.enable = true
	auto.leader.rebalance.enable = true
	background.threads = 10
	broker.id = 0
	broker.id.generation.enable = true
	broker.rack = null
	client.quota.callback.class = null
	compression.type = producer
	connection.failed.authentication.delay.ms = 100
	connections.max.idle.ms = 600000
	controlled.shutdown.enable = true
	controlled.shutdown.max.retries = 3
	controlled.shutdown.retry.backoff.ms = 5000
	controller.socket.timeout.ms = 30000
	create.topic.policy.class.name = null
	default.replication.factor = 1
	delegation.token.expiry.check.interval.ms = 3600000
	delegation.token.expiry.time.ms = 86400000
	delegation.token.master.key = null
	delegation.token.max.lifetime.ms = 604800000
	delete.records.purgatory.purge.interval.requests = 1
	delete.topic.enable = true
	fetch.purgatory.purge.interval.requests = 1000
	group.initial.rebalance.delay.ms = 0
	group.max.session.timeout.ms = 300000
	group.min.session.timeout.ms = 6000
	host.name = 
	inter.broker.listener.name = null
	inter.broker.protocol.version = 2.1-IV2
	kafka.metrics.polling.interval.secs = 10
	kafka.metrics.reporters = []
	leader.imbalance.check.interval.seconds = 300
	leader.imbalance.per.broker.percentage = 10
	listener.security.protocol.map = PLAINTEXT:PLAINTEXT,SSL:SSL,SASL_PLAINTEXT:SASL_PLAINTEXT,SASL_SSL:SASL_SSL
	listeners = null
	log.cleaner.backoff.ms = 15000
	log.cleaner.dedupe.buffer.size = 134217728
	log.cleaner.delete.retention.ms = 86400000
	log.cleaner.enable = true
	log.cleaner.io.buffer.load.factor = 0.9
	log.cleaner.io.buffer.size = 524288
	log.cleaner.io.max.bytes.per.second = 1.7976931348623157E308
	log.cleaner.min.cleanable.ratio = 0.5
	log.cleaner.min.compaction.lag.ms = 0
	log.cleaner.threads = 1
	log.cleanup.policy = [delete]
	log.dir = /tmp/kafka-logs
	log.dirs = /tmp/kafka-logs
	log.flush.interval.messages = 9223372036854775807
	log.flush.interval.ms = null
	log.flush.offset.checkpoint.interval.ms = 60000
	log.flush.scheduler.interval.ms = 9223372036854775807
	log.flush.start.offset.checkpoint.interval.ms = 60000
	log.index.interval.bytes = 4096
	log.index.size.max.bytes = 10485760
	log.message.downconversion.enable = true
	log.message.format.version = 2.1-IV2
	log.message.timestamp.difference.max.ms = 9223372036854775807
	log.message.timestamp.type = CreateTime
	log.preallocate = false
	log.retention.bytes = -1
	log.retention.check.interval.ms = 300000
	log.retention.hours = 168
	log.retention.minutes = null
	log.retention.ms = null
	log.roll.hours = 168
	log.roll.jitter.hours = 0
	log.roll.jitter.ms = null
	log.roll.ms = null
	log.segment.bytes = 1073741824
	log.segment.delete.delay.ms = 60000
	max.connections.per.ip = 2147483647
	max.connections.per.ip.overrides = 
	max.incremental.fetch.session.cache.slots = 1000
	message.max.bytes = 1000012
	metric.reporters = []
	metrics.num.samples = 2
	metrics.recording.level = INFO
	metrics.sample.window.ms = 30000
	min.insync.replicas = 1
	num.io.threads = 8
	num.network.threads = 3
	num.partitions = 1
	num.recovery.threads.per.data.dir = 1
	num.replica.alter.log.dirs.threads = null
	num.replica.fetchers = 1
	offset.metadata.max.bytes = 4096
	offsets.commit.required.acks = -1
	offsets.commit.timeout.ms = 5000
	offsets.load.buffer.size = 5242880
	offsets.retention.check.interval.ms = 600000
	offsets.retention.minutes = 10080
	offsets.topic.compression.codec = 0
	offsets.topic.num.partitions = 50
	offsets.topic.replication.factor = 1
	offsets.topic.segment.bytes = 104857600
	password.encoder.cipher.algorithm = AES/CBC/PKCS5Padding
	password.encoder.iterations = 4096
	password.encoder.key.length = 128
	password.encoder.keyfactory.algorithm = null
	password.encoder.old.secret = null
	password.encoder.secret = null
	port = 9092
	principal.builder.class = null
	producer.purgatory.purge.interval.requests = 1000
	queued.max.request.bytes = -1
	queued.max.requests = 500
	quota.consumer.default = 9223372036854775807
	quota.producer.default = 9223372036854775807
	quota.window.num = 11
	quota.window.size.seconds = 1
	replica.fetch.backoff.ms = 1000
	replica.fetch.max.bytes = 1048576
	replica.fetch.min.bytes = 1
	replica.fetch.response.max.bytes = 10485760
	replica.fetch.wait.max.ms = 500
	replica.high.watermark.checkpoint.interval.ms = 5000
	replica.lag.time.max.ms = 10000
	replica.socket.receive.buffer.bytes = 65536
	replica.socket.timeout.ms = 30000
	replication.quota.window.num = 11
	replication.quota.window.size.seconds = 1
	request.timeout.ms = 30000
	reserved.broker.max.id = 1000
	sasl.client.callback.handler.class = null
	sasl.enabled.mechanisms = [GSSAPI]
	sasl.jaas.config = null
	sasl.kerberos.kinit.cmd = /usr/bin/kinit
	sasl.kerberos.min.time.before.relogin = 60000
	sasl.kerberos.principal.to.local.rules = [DEFAULT]
	sasl.kerberos.service.name = null
	sasl.kerberos.ticket.renew.jitter = 0.05
	sasl.kerberos.ticket.renew.window.factor = 0.8
	sasl.login.callback.handler.class = null
	sasl.login.class = null
	sasl.login.refresh.buffer.seconds = 300
	sasl.login.refresh.min.period.seconds = 60
	sasl.login.refresh.window.factor = 0.8
	sasl.login.refresh.window.jitter = 0.05
	sasl.mechanism.inter.broker.protocol = GSSAPI
	sasl.server.callback.handler.class = null
	security.inter.broker.protocol = PLAINTEXT
	socket.receive.buffer.bytes = 102400
	socket.request.max.bytes = 104857600
	socket.send.buffer.bytes = 102400
	ssl.cipher.suites = []
	ssl.client.auth = none
	ssl.enabled.protocols = [TLSv1.2, TLSv1.1, TLSv1]
	ssl.endpoint.identification.algorithm = https
	ssl.key.password = null
	ssl.keymanager.algorithm = SunX509
	ssl.keystore.location = null
	ssl.keystore.password = null
	ssl.keystore.type = JKS
	ssl.protocol = TLS
	ssl.provider = null
	ssl.secure.random.implementation = null
	ssl.trustmanager.algorithm = PKIX
	ssl.truststore.location = null
	ssl.truststore.password = null
	ssl.truststore.type = JKS
	transaction.abort.timed.out.transaction.cleanup.interval.ms = 60000
	transaction.max.timeout.ms = 900000
	transaction.remove.expired.transaction.cleanup.interval.ms = 3600000
	transaction.state.log.load.buffer.size = 5242880
	transaction.state.log.min.isr = 1
	transaction.state.log.num.partitions = 50
	transaction.state.log.replication.factor = 1
	transaction.state.log.segment.bytes = 104857600
	transactional.id.expiration.ms = 604800000
	unclean.leader.election.enable = false
	zookeeper.connect = localhost:2181
	zookeeper.connection.timeout.ms = 6000
	zookeeper.max.in.flight.requests = 10
	zookeeper.session.timeout.ms = 6000
	zookeeper.set.acl = false
	zookeeper.sync.time.ms = 2000
 (kafka.server.KafkaConfig)
[2020-05-28 20:41:47,010] INFO [ThrottledChannelReaper-Fetch]: Starting (kafka.server.ClientQuotaManager$ThrottledChannelReaper)
[2020-05-28 20:41:47,014] INFO [ThrottledChannelReaper-Produce]: Starting (kafka.server.ClientQuotaManager$ThrottledChannelReaper)
[2020-05-28 20:41:47,015] INFO [ThrottledChannelReaper-Request]: Starting (kafka.server.ClientQuotaManager$ThrottledChannelReaper)
[2020-05-28 20:41:47,081] INFO Loading logs. (kafka.log.LogManager)
[2020-05-28 20:41:47,147] INFO [Log partition=__consumer_offsets-9, dir=/tmp/kafka-logs] Recovering unflushed segment 0 (kafka.log.Log)
[2020-05-28 20:41:47,149] INFO [Log partition=__consumer_offsets-9, dir=/tmp/kafka-logs] Loading producer state till offset 0 with message format version 2 (kafka.log.Log)
[2020-05-28 20:41:47,206] INFO [Log partition=__consumer_offsets-9, dir=/tmp/kafka-logs] Loading producer state till offset 0 with message format version 2 (kafka.log.Log)
[2020-05-28 20:41:47,208] INFO [Log partition=__consumer_offsets-9, dir=/tmp/kafka-logs] Completed load of log with 1 segments, log start offset 0 and log end offset 0 in 100 ms (kafka.log.Log)
[2020-05-28 20:41:47,222] INFO [Log partition=__consumer_offsets-0, dir=/tmp/kafka-logs] Recovering unflushed segment 0 (kafka.log.Log)
[2020-05-28 20:41:47,222] INFO [Log partition=__consumer_offsets-0, dir=/tmp/kafka-logs] Loading producer state till offset 0 with message format version 2 (kafka.log.Log)
[2020-05-28 20:41:47,236] INFO [ProducerStateManager partition=__consumer_offsets-0] Writing producer snapshot at offset 1 (kafka.log.ProducerStateManager)
[2020-05-28 20:41:47,250] INFO [Log partition=__consumer_offsets-0, dir=/tmp/kafka-logs] Loading producer state till offset 1 with message format version 2 (kafka.log.Log)
[2020-05-28 20:41:47,253] INFO [ProducerStateManager partition=__consumer_offsets-0] Loading producer state from snapshot file '/tmp/kafka-logs/__consumer_offsets-0/00000000000000000001.snapshot' (kafka.log.ProducerStateManager)
[2020-05-28 20:41:47,268] INFO [Log partition=__consumer_offsets-0, dir=/tmp/kafka-logs] Completed load of log with 1 segments, log start offset 0 and log end offset 1 in 51 ms (kafka.log.Log)
[2020-05-28 20:41:47,276] INFO [Log partition=kitchenService-0, dir=/tmp/kafka-logs] Recovering unflushed segment 0 (kafka.log.Log)
[2020-05-28 20:41:47,277] INFO [Log partition=kitchenService-0, dir=/tmp/kafka-logs] Loading producer state till offset 0 with message format version 2 (kafka.log.Log)
[2020-05-28 20:41:47,284] INFO [Log partition=kitchenService-0, dir=/tmp/kafka-logs] Loading producer state till offset 0 with message format version 2 (kafka.log.Log)
[2020-05-28 20:41:47,285] INFO [Log partition=kitchenService-0, dir=/tmp/kafka-logs] Completed load of log with 1 segments, log start offset 0 and log end offset 0 in 13 ms (kafka.log.Log)
[2020-05-28 20:41:47,293] INFO [Log partition=__consumer_offsets-7, dir=/tmp/kafka-logs] Recovering unflushed segment 0 (kafka.log.Log)
[2020-05-28 20:41:47,294] INFO [Log partition=__consumer_offsets-7, dir=/tmp/kafka-logs] Loading producer state till offset 0 with message format version 2 (kafka.log.Log)
[2020-05-28 20:41:47,298] INFO [Log partition=__consumer_offsets-7, dir=/tmp/kafka-logs] Loading producer state till offset 0 with message format version 2 (kafka.log.Log)
[2020-05-28 20:41:47,300] INFO [Log partition=__consumer_offsets-7, dir=/tmp/kafka-logs] Completed load of log with 1 segments, log start offset 0 and log end offset 0 in 12 ms (kafka.log.Log)
[2020-05-28 20:41:47,305] INFO [Log partition=__consumer_offsets-31, dir=/tmp/kafka-logs] Recovering unflushed segment 0 (kafka.log.Log)
[2020-05-28 20:41:47,305] INFO [Log partition=__consumer_offsets-31, dir=/tmp/kafka-logs] Loading producer state till offset 0 with message format version 2 (kafka.log.Log)
[2020-05-28 20:41:47,312] INFO [Log partition=__consumer_offsets-31, dir=/tmp/kafka-logs] Loading producer state till offset 0 with message format version 2 (kafka.log.Log)
[2020-05-28 20:41:47,316] INFO [Log partition=__consumer_offsets-31, dir=/tmp/kafka-logs] Completed load of log with 1 segments, log start offset 0 and log end offset 0 in 13 ms (kafka.log.Log)
[2020-05-28 20:41:47,329] INFO [Log partition=__consumer_offsets-36, dir=/tmp/kafka-logs] Recovering unflushed segment 0 (kafka.log.Log)
[2020-05-28 20:41:47,330] INFO [Log partition=__consumer_offsets-36, dir=/tmp/kafka-logs] Loading producer state till offset 0 with message format version 2 (kafka.log.Log)
[2020-05-28 20:41:47,338] INFO [Log partition=__consumer_offsets-36, dir=/tmp/kafka-logs] Loading producer state till offset 0 with message format version 2 (kafka.log.Log)
[2020-05-28 20:41:47,341] INFO [Log partition=__consumer_offsets-36, dir=/tmp/kafka-logs] Completed load of log with 1 segments, log start offset 0 and log end offset 0 in 16 ms (kafka.log.Log)
[2020-05-28 20:41:47,352] INFO [Log partition=__consumer_offsets-38, dir=/tmp/kafka-logs] Recovering unflushed segment 0 (kafka.log.Log)
[2020-05-28 20:41:47,353] INFO [Log partition=__consumer_offsets-38, dir=/tmp/kafka-logs] Loading producer state till offset 0 with message format version 2 (kafka.log.Log)
[2020-05-28 20:41:47,360] INFO [Log partition=__consumer_offsets-38, dir=/tmp/kafka-logs] Loading producer state till offset 0 with message format version 2 (kafka.log.Log)
[2020-05-28 20:41:47,362] INFO [Log partition=__consumer_offsets-38, dir=/tmp/kafka-logs] Completed load of log with 1 segments, log start offset 0 and log end offset 0 in 13 ms (kafka.log.Log)
[2020-05-28 20:41:47,374] INFO [Log partition=consumerService-0, dir=/tmp/kafka-logs] Recovering unflushed segment 0 (kafka.log.Log)
[2020-05-28 20:41:47,374] INFO [Log partition=consumerService-0, dir=/tmp/kafka-logs] Loading producer state till offset 0 with message format version 2 (kafka.log.Log)
[2020-05-28 20:41:47,378] INFO [Log partition=consumerService-0, dir=/tmp/kafka-logs] Loading producer state till offset 0 with message format version 2 (kafka.log.Log)
[2020-05-28 20:41:47,380] INFO [Log partition=consumerService-0, dir=/tmp/kafka-logs] Completed load of log with 1 segments, log start offset 0 and log end offset 0 in 9 ms (kafka.log.Log)
[2020-05-28 20:41:47,405] INFO [Log partition=__consumer_offsets-6, dir=/tmp/kafka-logs] Recovering unflushed segment 0 (kafka.log.Log)
[2020-05-28 20:41:47,406] INFO [Log partition=__consumer_offsets-6, dir=/tmp/kafka-logs] Loading producer state till offset 0 with message format version 2 (kafka.log.Log)
[2020-05-28 20:41:47,410] INFO [Log partition=__consumer_offsets-6, dir=/tmp/kafka-logs] Loading producer state till offset 0 with message format version 2 (kafka.log.Log)
[2020-05-28 20:41:47,410] INFO [Log partition=__consumer_offsets-6, dir=/tmp/kafka-logs] Completed load of log with 1 segments, log start offset 0 and log end offset 0 in 14 ms (kafka.log.Log)
[2020-05-28 20:41:47,426] INFO [Log partition=__consumer_offsets-1, dir=/tmp/kafka-logs] Recovering unflushed segment 0 (kafka.log.Log)
[2020-05-28 20:41:47,426] INFO [Log partition=__consumer_offsets-1, dir=/tmp/kafka-logs] Loading producer state till offset 0 with message format version 2 (kafka.log.Log)
[2020-05-28 20:41:47,442] INFO [Log partition=__consumer_offsets-1, dir=/tmp/kafka-logs] Loading producer state till offset 0 with message format version 2 (kafka.log.Log)
[2020-05-28 20:41:47,443] INFO [Log partition=__consumer_offsets-1, dir=/tmp/kafka-logs] Completed load of log with 1 segments, log start offset 0 and log end offset 0 in 21 ms (kafka.log.Log)
[2020-05-28 20:41:47,456] INFO [Log partition=__consumer_offsets-8, dir=/tmp/kafka-logs] Recovering unflushed segment 0 (kafka.log.Log)
[2020-05-28 20:41:47,457] INFO [Log partition=__consumer_offsets-8, dir=/tmp/kafka-logs] Loading producer state till offset 0 with message format version 2 (kafka.log.Log)
[2020-05-28 20:41:47,465] INFO [Log partition=__consumer_offsets-8, dir=/tmp/kafka-logs] Loading producer state till offset 0 with message format version 2 (kafka.log.Log)
[2020-05-28 20:41:47,466] INFO [Log partition=__consumer_offsets-8, dir=/tmp/kafka-logs] Completed load of log with 1 segments, log start offset 0 and log end offset 0 in 19 ms (kafka.log.Log)
[2020-05-28 20:41:47,478] INFO [Log partition=__consumer_offsets-39, dir=/tmp/kafka-logs] Recovering unflushed segment 0 (kafka.log.Log)
[2020-05-28 20:41:47,478] INFO [Log partition=__consumer_offsets-39, dir=/tmp/kafka-logs] Loading producer state till offset 0 with message format version 2 (kafka.log.Log)
[2020-05-28 20:41:47,490] INFO [Log partition=__consumer_offsets-39, dir=/tmp/kafka-logs] Loading producer state till offset 0 with message format version 2 (kafka.log.Log)
[2020-05-28 20:41:47,491] INFO [Log partition=__consumer_offsets-39, dir=/tmp/kafka-logs] Completed load of log with 1 segments, log start offset 0 and log end offset 0 in 20 ms (kafka.log.Log)
[2020-05-28 20:41:47,516] INFO [Log partition=__consumer_offsets-37, dir=/tmp/kafka-logs] Recovering unflushed segment 0 (kafka.log.Log)
[2020-05-28 20:41:47,516] INFO [Log partition=__consumer_offsets-37, dir=/tmp/kafka-logs] Loading producer state till offset 0 with message format version 2 (kafka.log.Log)
[2020-05-28 20:41:47,526] INFO [Log partition=__consumer_offsets-37, dir=/tmp/kafka-logs] Loading producer state till offset 0 with message format version 2 (kafka.log.Log)
[2020-05-28 20:41:47,528] INFO [Log partition=__consumer_offsets-37, dir=/tmp/kafka-logs] Completed load of log with 1 segments, log start offset 0 and log end offset 0 in 26 ms (kafka.log.Log)
[2020-05-28 20:41:47,544] INFO [Log partition=__consumer_offsets-30, dir=/tmp/kafka-logs] Recovering unflushed segment 0 (kafka.log.Log)
[2020-05-28 20:41:47,545] INFO [Log partition=__consumer_offsets-30, dir=/tmp/kafka-logs] Loading producer state till offset 0 with message format version 2 (kafka.log.Log)
[2020-05-28 20:41:47,553] INFO [Log partition=__consumer_offsets-30, dir=/tmp/kafka-logs] Loading producer state till offset 0 with message format version 2 (kafka.log.Log)
[2020-05-28 20:41:47,554] INFO [Log partition=__consumer_offsets-30, dir=/tmp/kafka-logs] Completed load of log with 1 segments, log start offset 0 and log end offset 0 in 20 ms (kafka.log.Log)
[2020-05-28 20:41:47,564] INFO [Log partition=net.chrisrichardson.ftgo.orderservice.sagas.cancelorder.CancelOrderSaga-reply-0, dir=/tmp/kafka-logs] Recovering unflushed segment 0 (kafka.log.Log)
[2020-05-28 20:41:47,568] INFO [Log partition=net.chrisrichardson.ftgo.orderservice.sagas.cancelorder.CancelOrderSaga-reply-0, dir=/tmp/kafka-logs] Loading producer state till offset 0 with message format version 2 (kafka.log.Log)
[2020-05-28 20:41:47,578] INFO [Log partition=net.chrisrichardson.ftgo.orderservice.sagas.cancelorder.CancelOrderSaga-reply-0, dir=/tmp/kafka-logs] Loading producer state till offset 0 with message format version 2 (kafka.log.Log)
[2020-05-28 20:41:47,589] INFO [Log partition=net.chrisrichardson.ftgo.orderservice.sagas.cancelorder.CancelOrderSaga-reply-0, dir=/tmp/kafka-logs] Completed load of log with 1 segments, log start offset 0 and log end offset 0 in 32 ms (kafka.log.Log)
[2020-05-28 20:41:47,603] INFO [Log partition=net.chrisrichardson.ftgo.restaurantservice.domain.Restaurant-0, dir=/tmp/kafka-logs] Recovering unflushed segment 0 (kafka.log.Log)
[2020-05-28 20:41:47,603] INFO [Log partition=net.chrisrichardson.ftgo.restaurantservice.domain.Restaurant-0, dir=/tmp/kafka-logs] Loading producer state till offset 0 with message format version 2 (kafka.log.Log)
[2020-05-28 20:41:47,610] INFO [Log partition=net.chrisrichardson.ftgo.restaurantservice.domain.Restaurant-0, dir=/tmp/kafka-logs] Loading producer state till offset 0 with message format version 2 (kafka.log.Log)
[2020-05-28 20:41:47,613] INFO [Log partition=net.chrisrichardson.ftgo.restaurantservice.domain.Restaurant-0, dir=/tmp/kafka-logs] Completed load of log with 1 segments, log start offset 0 and log end offset 0 in 21 ms (kafka.log.Log)
[2020-05-28 20:41:47,625] INFO [Log partition=__consumer_offsets-12, dir=/tmp/kafka-logs] Recovering unflushed segment 0 (kafka.log.Log)
[2020-05-28 20:41:47,626] INFO [Log partition=__consumer_offsets-12, dir=/tmp/kafka-logs] Loading producer state till offset 0 with message format version 2 (kafka.log.Log)
[2020-05-28 20:41:47,628] INFO [Log partition=__consumer_offsets-12, dir=/tmp/kafka-logs] Loading producer state till offset 0 with message format version 2 (kafka.log.Log)
[2020-05-28 20:41:47,630] INFO [Log partition=__consumer_offsets-12, dir=/tmp/kafka-logs] Completed load of log with 1 segments, log start offset 0 and log end offset 0 in 14 ms (kafka.log.Log)
[2020-05-28 20:41:47,642] INFO [Log partition=__consumer_offsets-15, dir=/tmp/kafka-logs] Recovering unflushed segment 0 (kafka.log.Log)
[2020-05-28 20:41:47,642] INFO [Log partition=__consumer_offsets-15, dir=/tmp/kafka-logs] Loading producer state till offset 0 with message format version 2 (kafka.log.Log)
[2020-05-28 20:41:47,646] INFO [Log partition=__consumer_offsets-15, dir=/tmp/kafka-logs] Loading producer state till offset 0 with message format version 2 (kafka.log.Log)
[2020-05-28 20:41:47,649] INFO [Log partition=__consumer_offsets-15, dir=/tmp/kafka-logs] Completed load of log with 1 segments, log start offset 0 and log end offset 0 in 10 ms (kafka.log.Log)
[2020-05-28 20:41:47,663] INFO [Log partition=__consumer_offsets-23, dir=/tmp/kafka-logs] Recovering unflushed segment 0 (kafka.log.Log)
[2020-05-28 20:41:47,664] INFO [Log partition=__consumer_offsets-23, dir=/tmp/kafka-logs] Loading producer state till offset 0 with message format version 2 (kafka.log.Log)
[2020-05-28 20:41:47,667] INFO [Log partition=__consumer_offsets-23, dir=/tmp/kafka-logs] Loading producer state till offset 0 with message format version 2 (kafka.log.Log)
[2020-05-28 20:41:47,668] INFO [Log partition=__consumer_offsets-23, dir=/tmp/kafka-logs] Completed load of log with 1 segments, log start offset 0 and log end offset 0 in 10 ms (kafka.log.Log)
[2020-05-28 20:41:47,686] INFO [Log partition=__consumer_offsets-24, dir=/tmp/kafka-logs] Recovering unflushed segment 0 (kafka.log.Log)
[2020-05-28 20:41:47,687] INFO [Log partition=__consumer_offsets-24, dir=/tmp/kafka-logs] Loading producer state till offset 0 with message format version 2 (kafka.log.Log)
[2020-05-28 20:41:47,691] INFO [Log partition=__consumer_offsets-24, dir=/tmp/kafka-logs] Loading producer state till offset 0 with message format version 2 (kafka.log.Log)
[2020-05-28 20:41:47,694] INFO [Log partition=__consumer_offsets-24, dir=/tmp/kafka-logs] Completed load of log with 1 segments, log start offset 0 and log end offset 0 in 18 ms (kafka.log.Log)
[2020-05-28 20:41:47,710] INFO [Log partition=__consumer_offsets-48, dir=/tmp/kafka-logs] Recovering unflushed segment 0 (kafka.log.Log)
[2020-05-28 20:41:47,710] INFO [Log partition=__consumer_offsets-48, dir=/tmp/kafka-logs] Loading producer state till offset 0 with message format version 2 (kafka.log.Log)
[2020-05-28 20:41:47,714] INFO [Log partition=__consumer_offsets-48, dir=/tmp/kafka-logs] Loading producer state till offset 0 with message format version 2 (kafka.log.Log)
[2020-05-28 20:41:47,719] INFO [Log partition=__consumer_offsets-48, dir=/tmp/kafka-logs] Completed load of log with 1 segments, log start offset 0 and log end offset 0 in 19 ms (kafka.log.Log)
[2020-05-28 20:41:47,728] INFO [Log partition=__consumer_offsets-41, dir=/tmp/kafka-logs] Recovering unflushed segment 0 (kafka.log.Log)
[2020-05-28 20:41:47,731] INFO [Log partition=__consumer_offsets-41, dir=/tmp/kafka-logs] Loading producer state till offset 0 with message format version 2 (kafka.log.Log)
[2020-05-28 20:41:47,738] INFO [ProducerStateManager partition=__consumer_offsets-41] Writing producer snapshot at offset 1 (kafka.log.ProducerStateManager)
[2020-05-28 20:41:47,741] INFO [Log partition=__consumer_offsets-41, dir=/tmp/kafka-logs] Loading producer state till offset 1 with message format version 2 (kafka.log.Log)
[2020-05-28 20:41:47,742] INFO [ProducerStateManager partition=__consumer_offsets-41] Loading producer state from snapshot file '/tmp/kafka-logs/__consumer_offsets-41/00000000000000000001.snapshot' (kafka.log.ProducerStateManager)
[2020-05-28 20:41:47,744] INFO [Log partition=__consumer_offsets-41, dir=/tmp/kafka-logs] Completed load of log with 1 segments, log start offset 0 and log end offset 1 in 19 ms (kafka.log.Log)
[2020-05-28 20:41:47,757] INFO [Log partition=__consumer_offsets-46, dir=/tmp/kafka-logs] Recovering unflushed segment 0 (kafka.log.Log)
[2020-05-28 20:41:47,757] INFO [Log partition=__consumer_offsets-46, dir=/tmp/kafka-logs] Loading producer state till offset 0 with message format version 2 (kafka.log.Log)
[2020-05-28 20:41:47,761] INFO [ProducerStateManager partition=__consumer_offsets-46] Writing producer snapshot at offset 2 (kafka.log.ProducerStateManager)
[2020-05-28 20:41:47,764] INFO [Log partition=__consumer_offsets-46, dir=/tmp/kafka-logs] Loading producer state till offset 2 with message format version 2 (kafka.log.Log)
[2020-05-28 20:41:47,767] INFO [ProducerStateManager partition=__consumer_offsets-46] Loading producer state from snapshot file '/tmp/kafka-logs/__consumer_offsets-46/00000000000000000002.snapshot' (kafka.log.ProducerStateManager)
[2020-05-28 20:41:47,772] INFO [Log partition=__consumer_offsets-46, dir=/tmp/kafka-logs] Completed load of log with 1 segments, log start offset 0 and log end offset 2 in 21 ms (kafka.log.Log)
[2020-05-28 20:41:47,796] INFO [Log partition=__consumer_offsets-25, dir=/tmp/kafka-logs] Recovering unflushed segment 0 (kafka.log.Log)
[2020-05-28 20:41:47,797] INFO [Log partition=__consumer_offsets-25, dir=/tmp/kafka-logs] Loading producer state till offset 0 with message format version 2 (kafka.log.Log)
[2020-05-28 20:41:47,800] INFO [Log partition=__consumer_offsets-25, dir=/tmp/kafka-logs] Loading producer state till offset 0 with message format version 2 (kafka.log.Log)
[2020-05-28 20:41:47,801] INFO [Log partition=__consumer_offsets-25, dir=/tmp/kafka-logs] Completed load of log with 1 segments, log start offset 0 and log end offset 0 in 12 ms (kafka.log.Log)
[2020-05-28 20:41:47,820] INFO [Log partition=__consumer_offsets-22, dir=/tmp/kafka-logs] Recovering unflushed segment 0 (kafka.log.Log)
[2020-05-28 20:41:47,821] INFO [Log partition=__consumer_offsets-22, dir=/tmp/kafka-logs] Loading producer state till offset 0 with message format version 2 (kafka.log.Log)
[2020-05-28 20:41:47,828] INFO [Log partition=__consumer_offsets-22, dir=/tmp/kafka-logs] Loading producer state till offset 0 with message format version 2 (kafka.log.Log)
[2020-05-28 20:41:47,829] INFO [Log partition=__consumer_offsets-22, dir=/tmp/kafka-logs] Completed load of log with 1 segments, log start offset 0 and log end offset 0 in 18 ms (kafka.log.Log)
[2020-05-28 20:41:47,843] INFO [Log partition=__consumer_offsets-14, dir=/tmp/kafka-logs] Recovering unflushed segment 0 (kafka.log.Log)
[2020-05-28 20:41:47,843] INFO [Log partition=__consumer_offsets-14, dir=/tmp/kafka-logs] Loading producer state till offset 0 with message format version 2 (kafka.log.Log)
[2020-05-28 20:41:47,851] INFO [Log partition=__consumer_offsets-14, dir=/tmp/kafka-logs] Loading producer state till offset 0 with message format version 2 (kafka.log.Log)
[2020-05-28 20:41:47,852] INFO [Log partition=__consumer_offsets-14, dir=/tmp/kafka-logs] Completed load of log with 1 segments, log start offset 0 and log end offset 0 in 20 ms (kafka.log.Log)
[2020-05-28 20:41:47,862] INFO [Log partition=__consumer_offsets-13, dir=/tmp/kafka-logs] Recovering unflushed segment 0 (kafka.log.Log)
[2020-05-28 20:41:47,862] INFO [Log partition=__consumer_offsets-13, dir=/tmp/kafka-logs] Loading producer state till offset 0 with message format version 2 (kafka.log.Log)
[2020-05-28 20:41:47,874] INFO [Log partition=__consumer_offsets-13, dir=/tmp/kafka-logs] Loading producer state till offset 0 with message format version 2 (kafka.log.Log)
[2020-05-28 20:41:47,878] INFO [Log partition=__consumer_offsets-13, dir=/tmp/kafka-logs] Completed load of log with 1 segments, log start offset 0 and log end offset 0 in 19 ms (kafka.log.Log)
[2020-05-28 20:41:47,893] INFO [Log partition=__consumer_offsets-47, dir=/tmp/kafka-logs] Recovering unflushed segment 0 (kafka.log.Log)
[2020-05-28 20:41:47,893] INFO [Log partition=__consumer_offsets-47, dir=/tmp/kafka-logs] Loading producer state till offset 0 with message format version 2 (kafka.log.Log)
[2020-05-28 20:41:47,898] INFO [Log partition=__consumer_offsets-47, dir=/tmp/kafka-logs] Loading producer state till offset 0 with message format version 2 (kafka.log.Log)
[2020-05-28 20:41:47,899] INFO [Log partition=__consumer_offsets-47, dir=/tmp/kafka-logs] Completed load of log with 1 segments, log start offset 0 and log end offset 0 in 15 ms (kafka.log.Log)
[2020-05-28 20:41:47,913] INFO [Log partition=accountingService-0, dir=/tmp/kafka-logs] Recovering unflushed segment 0 (kafka.log.Log)
[2020-05-28 20:41:47,914] INFO [Log partition=accountingService-0, dir=/tmp/kafka-logs] Loading producer state till offset 0 with message format version 2 (kafka.log.Log)
[2020-05-28 20:41:47,927] INFO [Log partition=accountingService-0, dir=/tmp/kafka-logs] Loading producer state till offset 0 with message format version 2 (kafka.log.Log)
[2020-05-28 20:41:47,930] INFO [Log partition=accountingService-0, dir=/tmp/kafka-logs] Completed load of log with 1 segments, log start offset 0 and log end offset 0 in 26 ms (kafka.log.Log)
[2020-05-28 20:41:47,939] INFO [Log partition=__consumer_offsets-40, dir=/tmp/kafka-logs] Recovering unflushed segment 0 (kafka.log.Log)
[2020-05-28 20:41:47,941] INFO [Log partition=__consumer_offsets-40, dir=/tmp/kafka-logs] Loading producer state till offset 0 with message format version 2 (kafka.log.Log)
[2020-05-28 20:41:47,947] INFO [Log partition=__consumer_offsets-40, dir=/tmp/kafka-logs] Loading producer state till offset 0 with message format version 2 (kafka.log.Log)
[2020-05-28 20:41:47,951] INFO [Log partition=__consumer_offsets-40, dir=/tmp/kafka-logs] Completed load of log with 1 segments, log start offset 0 and log end offset 0 in 19 ms (kafka.log.Log)
[2020-05-28 20:41:47,958] INFO [Log partition=__consumer_offsets-49, dir=/tmp/kafka-logs] Recovering unflushed segment 0 (kafka.log.Log)
[2020-05-28 20:41:47,958] INFO [Log partition=__consumer_offsets-49, dir=/tmp/kafka-logs] Loading producer state till offset 0 with message format version 2 (kafka.log.Log)
[2020-05-28 20:41:47,966] INFO [Log partition=__consumer_offsets-49, dir=/tmp/kafka-logs] Loading producer state till offset 0 with message format version 2 (kafka.log.Log)
[2020-05-28 20:41:47,968] INFO [Log partition=__consumer_offsets-49, dir=/tmp/kafka-logs] Completed load of log with 1 segments, log start offset 0 and log end offset 0 in 13 ms (kafka.log.Log)
[2020-05-28 20:41:47,976] INFO [Log partition=__consumer_offsets-35, dir=/tmp/kafka-logs] Recovering unflushed segment 0 (kafka.log.Log)
[2020-05-28 20:41:47,977] INFO [Log partition=__consumer_offsets-35, dir=/tmp/kafka-logs] Loading producer state till offset 0 with message format version 2 (kafka.log.Log)
[2020-05-28 20:41:47,980] INFO [Log partition=__consumer_offsets-35, dir=/tmp/kafka-logs] Loading producer state till offset 0 with message format version 2 (kafka.log.Log)
[2020-05-28 20:41:47,985] INFO [Log partition=__consumer_offsets-35, dir=/tmp/kafka-logs] Completed load of log with 1 segments, log start offset 0 and log end offset 0 in 15 ms (kafka.log.Log)
[2020-05-28 20:41:47,992] INFO [Log partition=__consumer_offsets-32, dir=/tmp/kafka-logs] Recovering unflushed segment 0 (kafka.log.Log)
[2020-05-28 20:41:47,993] INFO [Log partition=__consumer_offsets-32, dir=/tmp/kafka-logs] Loading producer state till offset 0 with message format version 2 (kafka.log.Log)
[2020-05-28 20:41:48,001] INFO [Log partition=__consumer_offsets-32, dir=/tmp/kafka-logs] Loading producer state till offset 0 with message format version 2 (kafka.log.Log)
[2020-05-28 20:41:48,005] INFO [Log partition=__consumer_offsets-32, dir=/tmp/kafka-logs] Completed load of log with 1 segments, log start offset 0 and log end offset 0 in 16 ms (kafka.log.Log)
[2020-05-28 20:41:48,026] INFO [Log partition=net.chrisrichardson.ftgo.orderservice.sagas.createorder.CreateOrderSaga-reply-0, dir=/tmp/kafka-logs] Recovering unflushed segment 0 (kafka.log.Log)
[2020-05-28 20:41:48,026] INFO [Log partition=net.chrisrichardson.ftgo.orderservice.sagas.createorder.CreateOrderSaga-reply-0, dir=/tmp/kafka-logs] Loading producer state till offset 0 with message format version 2 (kafka.log.Log)
[2020-05-28 20:41:48,031] INFO [Log partition=net.chrisrichardson.ftgo.orderservice.sagas.createorder.CreateOrderSaga-reply-0, dir=/tmp/kafka-logs] Loading producer state till offset 0 with message format version 2 (kafka.log.Log)
[2020-05-28 20:41:48,032] INFO [Log partition=net.chrisrichardson.ftgo.orderservice.sagas.createorder.CreateOrderSaga-reply-0, dir=/tmp/kafka-logs] Completed load of log with 1 segments, log start offset 0 and log end offset 0 in 25 ms (kafka.log.Log)
[2020-05-28 20:41:48,051] INFO [Log partition=__consumer_offsets-4, dir=/tmp/kafka-logs] Recovering unflushed segment 0 (kafka.log.Log)
[2020-05-28 20:41:48,052] INFO [Log partition=__consumer_offsets-4, dir=/tmp/kafka-logs] Loading producer state till offset 0 with message format version 2 (kafka.log.Log)
[2020-05-28 20:41:48,058] INFO [ProducerStateManager partition=__consumer_offsets-4] Writing producer snapshot at offset 1 (kafka.log.ProducerStateManager)
[2020-05-28 20:41:48,062] INFO [Log partition=__consumer_offsets-4, dir=/tmp/kafka-logs] Loading producer state till offset 1 with message format version 2 (kafka.log.Log)
[2020-05-28 20:41:48,066] INFO [ProducerStateManager partition=__consumer_offsets-4] Loading producer state from snapshot file '/tmp/kafka-logs/__consumer_offsets-4/00000000000000000001.snapshot' (kafka.log.ProducerStateManager)
[2020-05-28 20:41:48,067] INFO [Log partition=__consumer_offsets-4, dir=/tmp/kafka-logs] Completed load of log with 1 segments, log start offset 0 and log end offset 1 in 32 ms (kafka.log.Log)
[2020-05-28 20:41:48,077] INFO [Log partition=__consumer_offsets-3, dir=/tmp/kafka-logs] Recovering unflushed segment 0 (kafka.log.Log)
[2020-05-28 20:41:48,078] INFO [Log partition=__consumer_offsets-3, dir=/tmp/kafka-logs] Loading producer state till offset 0 with message format version 2 (kafka.log.Log)
[2020-05-28 20:41:48,085] INFO [Log partition=__consumer_offsets-3, dir=/tmp/kafka-logs] Loading producer state till offset 0 with message format version 2 (kafka.log.Log)
[2020-05-28 20:41:48,086] INFO [Log partition=__consumer_offsets-3, dir=/tmp/kafka-logs] Completed load of log with 1 segments, log start offset 0 and log end offset 0 in 15 ms (kafka.log.Log)
[2020-05-28 20:41:48,099] INFO [Log partition=__consumer_offsets-33, dir=/tmp/kafka-logs] Recovering unflushed segment 0 (kafka.log.Log)
[2020-05-28 20:41:48,100] INFO [Log partition=__consumer_offsets-33, dir=/tmp/kafka-logs] Loading producer state till offset 0 with message format version 2 (kafka.log.Log)
[2020-05-28 20:41:48,109] INFO [Log partition=__consumer_offsets-33, dir=/tmp/kafka-logs] Loading producer state till offset 0 with message format version 2 (kafka.log.Log)
[2020-05-28 20:41:48,110] INFO [Log partition=__consumer_offsets-33, dir=/tmp/kafka-logs] Completed load of log with 1 segments, log start offset 0 and log end offset 0 in 17 ms (kafka.log.Log)
[2020-05-28 20:41:48,121] INFO [Log partition=__consumer_offsets-34, dir=/tmp/kafka-logs] Recovering unflushed segment 0 (kafka.log.Log)
[2020-05-28 20:41:48,121] INFO [Log partition=__consumer_offsets-34, dir=/tmp/kafka-logs] Loading producer state till offset 0 with message format version 2 (kafka.log.Log)
[2020-05-28 20:41:48,126] INFO [Log partition=__consumer_offsets-34, dir=/tmp/kafka-logs] Loading producer state till offset 0 with message format version 2 (kafka.log.Log)
[2020-05-28 20:41:48,128] INFO [Log partition=__consumer_offsets-34, dir=/tmp/kafka-logs] Completed load of log with 1 segments, log start offset 0 and log end offset 0 in 16 ms (kafka.log.Log)
[2020-05-28 20:41:48,135] INFO [Log partition=__consumer_offsets-2, dir=/tmp/kafka-logs] Recovering unflushed segment 0 (kafka.log.Log)
[2020-05-28 20:41:48,136] INFO [Log partition=__consumer_offsets-2, dir=/tmp/kafka-logs] Loading producer state till offset 0 with message format version 2 (kafka.log.Log)
[2020-05-28 20:41:48,139] INFO [Log partition=__consumer_offsets-2, dir=/tmp/kafka-logs] Loading producer state till offset 0 with message format version 2 (kafka.log.Log)
[2020-05-28 20:41:48,141] INFO [Log partition=__consumer_offsets-2, dir=/tmp/kafka-logs] Completed load of log with 1 segments, log start offset 0 and log end offset 0 in 9 ms (kafka.log.Log)
[2020-05-28 20:41:48,150] INFO [Log partition=__consumer_offsets-5, dir=/tmp/kafka-logs] Recovering unflushed segment 0 (kafka.log.Log)
[2020-05-28 20:41:48,151] INFO [Log partition=__consumer_offsets-5, dir=/tmp/kafka-logs] Loading producer state till offset 0 with message format version 2 (kafka.log.Log)
[2020-05-28 20:41:48,158] INFO [Log partition=__consumer_offsets-5, dir=/tmp/kafka-logs] Loading producer state till offset 0 with message format version 2 (kafka.log.Log)
[2020-05-28 20:41:48,159] INFO [Log partition=__consumer_offsets-5, dir=/tmp/kafka-logs] Completed load of log with 1 segments, log start offset 0 and log end offset 0 in 15 ms (kafka.log.Log)
[2020-05-28 20:41:48,167] INFO [Log partition=net.chrisrichardson.ftgo.consumerservice.domain.Consumer-0, dir=/tmp/kafka-logs] Recovering unflushed segment 0 (kafka.log.Log)
[2020-05-28 20:41:48,168] INFO [Log partition=net.chrisrichardson.ftgo.consumerservice.domain.Consumer-0, dir=/tmp/kafka-logs] Loading producer state till offset 0 with message format version 2 (kafka.log.Log)
[2020-05-28 20:41:48,171] INFO [Log partition=net.chrisrichardson.ftgo.consumerservice.domain.Consumer-0, dir=/tmp/kafka-logs] Loading producer state till offset 0 with message format version 2 (kafka.log.Log)
[2020-05-28 20:41:48,172] INFO [Log partition=net.chrisrichardson.ftgo.consumerservice.domain.Consumer-0, dir=/tmp/kafka-logs] Completed load of log with 1 segments, log start offset 0 and log end offset 0 in 12 ms (kafka.log.Log)
[2020-05-28 20:41:48,181] INFO [Log partition=net.chrisrichardson.ftgo.orderservice.sagas.reviseorder.ReviseOrderSaga-reply-0, dir=/tmp/kafka-logs] Recovering unflushed segment 0 (kafka.log.Log)
[2020-05-28 20:41:48,181] INFO [Log partition=net.chrisrichardson.ftgo.orderservice.sagas.reviseorder.ReviseOrderSaga-reply-0, dir=/tmp/kafka-logs] Loading producer state till offset 0 with message format version 2 (kafka.log.Log)
[2020-05-28 20:41:48,184] INFO [Log partition=net.chrisrichardson.ftgo.orderservice.sagas.reviseorder.ReviseOrderSaga-reply-0, dir=/tmp/kafka-logs] Loading producer state till offset 0 with message format version 2 (kafka.log.Log)
[2020-05-28 20:41:48,185] INFO [Log partition=net.chrisrichardson.ftgo.orderservice.sagas.reviseorder.ReviseOrderSaga-reply-0, dir=/tmp/kafka-logs] Completed load of log with 1 segments, log start offset 0 and log end offset 0 in 10 ms (kafka.log.Log)
[2020-05-28 20:41:48,192] INFO [Log partition=net.chrisrichardson.ftgo.accountingservice.domain.Account-0, dir=/tmp/kafka-logs] Recovering unflushed segment 0 (kafka.log.Log)
[2020-05-28 20:41:48,193] INFO [Log partition=net.chrisrichardson.ftgo.accountingservice.domain.Account-0, dir=/tmp/kafka-logs] Loading producer state till offset 0 with message format version 2 (kafka.log.Log)
[2020-05-28 20:41:48,196] INFO [Log partition=net.chrisrichardson.ftgo.accountingservice.domain.Account-0, dir=/tmp/kafka-logs] Loading producer state till offset 0 with message format version 2 (kafka.log.Log)
[2020-05-28 20:41:48,197] INFO [Log partition=net.chrisrichardson.ftgo.accountingservice.domain.Account-0, dir=/tmp/kafka-logs] Completed load of log with 1 segments, log start offset 0 and log end offset 0 in 8 ms (kafka.log.Log)
[2020-05-28 20:41:48,207] INFO [Log partition=orderService-0, dir=/tmp/kafka-logs] Recovering unflushed segment 0 (kafka.log.Log)
[2020-05-28 20:41:48,208] INFO [Log partition=orderService-0, dir=/tmp/kafka-logs] Loading producer state till offset 0 with message format version 2 (kafka.log.Log)
[2020-05-28 20:41:48,214] INFO [Log partition=orderService-0, dir=/tmp/kafka-logs] Loading producer state till offset 0 with message format version 2 (kafka.log.Log)
[2020-05-28 20:41:48,215] INFO [Log partition=orderService-0, dir=/tmp/kafka-logs] Completed load of log with 1 segments, log start offset 0 and log end offset 0 in 13 ms (kafka.log.Log)
[2020-05-28 20:41:48,218] INFO [Log partition=__consumer_offsets-45, dir=/tmp/kafka-logs] Recovering unflushed segment 0 (kafka.log.Log)
[2020-05-28 20:41:48,218] INFO [Log partition=__consumer_offsets-45, dir=/tmp/kafka-logs] Loading producer state till offset 0 with message format version 2 (kafka.log.Log)
[2020-05-28 20:41:48,221] INFO [Log partition=__consumer_offsets-45, dir=/tmp/kafka-logs] Loading producer state till offset 0 with message format version 2 (kafka.log.Log)
[2020-05-28 20:41:48,222] INFO [Log partition=__consumer_offsets-45, dir=/tmp/kafka-logs] Completed load of log with 1 segments, log start offset 0 and log end offset 0 in 6 ms (kafka.log.Log)
[2020-05-28 20:41:48,230] INFO [Log partition=__consumer_offsets-42, dir=/tmp/kafka-logs] Recovering unflushed segment 0 (kafka.log.Log)
[2020-05-28 20:41:48,230] INFO [Log partition=__consumer_offsets-42, dir=/tmp/kafka-logs] Loading producer state till offset 0 with message format version 2 (kafka.log.Log)
[2020-05-28 20:41:48,234] INFO [Log partition=__consumer_offsets-42, dir=/tmp/kafka-logs] Loading producer state till offset 0 with message format version 2 (kafka.log.Log)
[2020-05-28 20:41:48,235] INFO [Log partition=__consumer_offsets-42, dir=/tmp/kafka-logs] Completed load of log with 1 segments, log start offset 0 and log end offset 0 in 11 ms (kafka.log.Log)
[2020-05-28 20:41:48,241] INFO [Log partition=__consumer_offsets-29, dir=/tmp/kafka-logs] Recovering unflushed segment 0 (kafka.log.Log)
[2020-05-28 20:41:48,241] INFO [Log partition=__consumer_offsets-29, dir=/tmp/kafka-logs] Loading producer state till offset 0 with message format version 2 (kafka.log.Log)
[2020-05-28 20:41:48,245] INFO [Log partition=__consumer_offsets-29, dir=/tmp/kafka-logs] Loading producer state till offset 0 with message format version 2 (kafka.log.Log)
[2020-05-28 20:41:48,246] INFO [Log partition=__consumer_offsets-29, dir=/tmp/kafka-logs] Completed load of log with 1 segments, log start offset 0 and log end offset 0 in 10 ms (kafka.log.Log)
[2020-05-28 20:41:48,255] INFO [Log partition=__consumer_offsets-16, dir=/tmp/kafka-logs] Recovering unflushed segment 0 (kafka.log.Log)
[2020-05-28 20:41:48,255] INFO [Log partition=__consumer_offsets-16, dir=/tmp/kafka-logs] Loading producer state till offset 0 with message format version 2 (kafka.log.Log)
[2020-05-28 20:41:48,258] INFO [Log partition=__consumer_offsets-16, dir=/tmp/kafka-logs] Loading producer state till offset 0 with message format version 2 (kafka.log.Log)
[2020-05-28 20:41:48,259] INFO [Log partition=__consumer_offsets-16, dir=/tmp/kafka-logs] Completed load of log with 1 segments, log start offset 0 and log end offset 0 in 11 ms (kafka.log.Log)
[2020-05-28 20:41:48,264] INFO [Log partition=__consumer_offsets-11, dir=/tmp/kafka-logs] Recovering unflushed segment 0 (kafka.log.Log)
[2020-05-28 20:41:48,265] INFO [Log partition=__consumer_offsets-11, dir=/tmp/kafka-logs] Loading producer state till offset 0 with message format version 2 (kafka.log.Log)
[2020-05-28 20:41:48,272] INFO [Log partition=__consumer_offsets-11, dir=/tmp/kafka-logs] Loading producer state till offset 0 with message format version 2 (kafka.log.Log)
[2020-05-28 20:41:48,274] INFO [Log partition=__consumer_offsets-11, dir=/tmp/kafka-logs] Completed load of log with 1 segments, log start offset 0 and log end offset 0 in 13 ms (kafka.log.Log)
[2020-05-28 20:41:48,280] INFO [Log partition=__consumer_offsets-18, dir=/tmp/kafka-logs] Recovering unflushed segment 0 (kafka.log.Log)
[2020-05-28 20:41:48,281] INFO [Log partition=__consumer_offsets-18, dir=/tmp/kafka-logs] Loading producer state till offset 0 with message format version 2 (kafka.log.Log)
[2020-05-28 20:41:48,284] INFO [ProducerStateManager partition=__consumer_offsets-18] Writing producer snapshot at offset 1 (kafka.log.ProducerStateManager)
[2020-05-28 20:41:48,286] INFO [Log partition=__consumer_offsets-18, dir=/tmp/kafka-logs] Loading producer state till offset 1 with message format version 2 (kafka.log.Log)
[2020-05-28 20:41:48,288] INFO [ProducerStateManager partition=__consumer_offsets-18] Loading producer state from snapshot file '/tmp/kafka-logs/__consumer_offsets-18/00000000000000000001.snapshot' (kafka.log.ProducerStateManager)
[2020-05-28 20:41:48,289] INFO [Log partition=__consumer_offsets-18, dir=/tmp/kafka-logs] Completed load of log with 1 segments, log start offset 0 and log end offset 1 in 12 ms (kafka.log.Log)
[2020-05-28 20:41:48,298] INFO [Log partition=__consumer_offsets-27, dir=/tmp/kafka-logs] Recovering unflushed segment 0 (kafka.log.Log)
[2020-05-28 20:41:48,298] INFO [Log partition=__consumer_offsets-27, dir=/tmp/kafka-logs] Loading producer state till offset 0 with message format version 2 (kafka.log.Log)
[2020-05-28 20:41:48,302] INFO [ProducerStateManager partition=__consumer_offsets-27] Writing producer snapshot at offset 1 (kafka.log.ProducerStateManager)
[2020-05-28 20:41:48,305] INFO [Log partition=__consumer_offsets-27, dir=/tmp/kafka-logs] Loading producer state till offset 1 with message format version 2 (kafka.log.Log)
[2020-05-28 20:41:48,306] INFO [ProducerStateManager partition=__consumer_offsets-27] Loading producer state from snapshot file '/tmp/kafka-logs/__consumer_offsets-27/00000000000000000001.snapshot' (kafka.log.ProducerStateManager)
[2020-05-28 20:41:48,306] INFO [Log partition=__consumer_offsets-27, dir=/tmp/kafka-logs] Completed load of log with 1 segments, log start offset 0 and log end offset 1 in 13 ms (kafka.log.Log)
[2020-05-28 20:41:48,317] INFO [Log partition=__consumer_offsets-20, dir=/tmp/kafka-logs] Recovering unflushed segment 0 (kafka.log.Log)
[2020-05-28 20:41:48,318] INFO [Log partition=__consumer_offsets-20, dir=/tmp/kafka-logs] Loading producer state till offset 0 with message format version 2 (kafka.log.Log)
[2020-05-28 20:41:48,326] INFO [Log partition=__consumer_offsets-20, dir=/tmp/kafka-logs] Loading producer state till offset 0 with message format version 2 (kafka.log.Log)
[2020-05-28 20:41:48,328] INFO [Log partition=__consumer_offsets-20, dir=/tmp/kafka-logs] Completed load of log with 1 segments, log start offset 0 and log end offset 0 in 20 ms (kafka.log.Log)
[2020-05-28 20:41:48,333] INFO [Log partition=__consumer_offsets-43, dir=/tmp/kafka-logs] Recovering unflushed segment 0 (kafka.log.Log)
[2020-05-28 20:41:48,335] INFO [Log partition=__consumer_offsets-43, dir=/tmp/kafka-logs] Loading producer state till offset 0 with message format version 2 (kafka.log.Log)
[2020-05-28 20:41:48,341] INFO [Log partition=__consumer_offsets-43, dir=/tmp/kafka-logs] Loading producer state till offset 0 with message format version 2 (kafka.log.Log)
[2020-05-28 20:41:48,342] INFO [Log partition=__consumer_offsets-43, dir=/tmp/kafka-logs] Completed load of log with 1 segments, log start offset 0 and log end offset 0 in 13 ms (kafka.log.Log)
[2020-05-28 20:41:48,346] INFO [Log partition=__consumer_offsets-44, dir=/tmp/kafka-logs] Recovering unflushed segment 0 (kafka.log.Log)
[2020-05-28 20:41:48,346] INFO [Log partition=__consumer_offsets-44, dir=/tmp/kafka-logs] Loading producer state till offset 0 with message format version 2 (kafka.log.Log)
[2020-05-28 20:41:48,348] INFO [Log partition=__consumer_offsets-44, dir=/tmp/kafka-logs] Loading producer state till offset 0 with message format version 2 (kafka.log.Log)
[2020-05-28 20:41:48,351] INFO [Log partition=__consumer_offsets-44, dir=/tmp/kafka-logs] Completed load of log with 1 segments, log start offset 0 and log end offset 0 in 8 ms (kafka.log.Log)
[2020-05-28 20:41:48,363] INFO [Log partition=__consumer_offsets-21, dir=/tmp/kafka-logs] Recovering unflushed segment 0 (kafka.log.Log)
[2020-05-28 20:41:48,363] INFO [Log partition=__consumer_offsets-21, dir=/tmp/kafka-logs] Loading producer state till offset 0 with message format version 2 (kafka.log.Log)
[2020-05-28 20:41:48,367] INFO [Log partition=__consumer_offsets-21, dir=/tmp/kafka-logs] Loading producer state till offset 0 with message format version 2 (kafka.log.Log)
[2020-05-28 20:41:48,371] INFO [Log partition=__consumer_offsets-21, dir=/tmp/kafka-logs] Completed load of log with 1 segments, log start offset 0 and log end offset 0 in 14 ms (kafka.log.Log)
[2020-05-28 20:41:48,378] INFO [Log partition=__consumer_offsets-19, dir=/tmp/kafka-logs] Recovering unflushed segment 0 (kafka.log.Log)
[2020-05-28 20:41:48,378] INFO [Log partition=__consumer_offsets-19, dir=/tmp/kafka-logs] Loading producer state till offset 0 with message format version 2 (kafka.log.Log)
[2020-05-28 20:41:48,381] INFO [Log partition=__consumer_offsets-19, dir=/tmp/kafka-logs] Loading producer state till offset 0 with message format version 2 (kafka.log.Log)
[2020-05-28 20:41:48,386] INFO [Log partition=__consumer_offsets-19, dir=/tmp/kafka-logs] Completed load of log with 1 segments, log start offset 0 and log end offset 0 in 10 ms (kafka.log.Log)
[2020-05-28 20:41:48,391] INFO [Log partition=__consumer_offsets-26, dir=/tmp/kafka-logs] Recovering unflushed segment 0 (kafka.log.Log)
[2020-05-28 20:41:48,391] INFO [Log partition=__consumer_offsets-26, dir=/tmp/kafka-logs] Loading producer state till offset 0 with message format version 2 (kafka.log.Log)
[2020-05-28 20:41:48,393] INFO [ProducerStateManager partition=__consumer_offsets-26] Writing producer snapshot at offset 1 (kafka.log.ProducerStateManager)
[2020-05-28 20:41:48,395] INFO [Log partition=__consumer_offsets-26, dir=/tmp/kafka-logs] Loading producer state till offset 1 with message format version 2 (kafka.log.Log)
[2020-05-28 20:41:48,397] INFO [ProducerStateManager partition=__consumer_offsets-26] Loading producer state from snapshot file '/tmp/kafka-logs/__consumer_offsets-26/00000000000000000001.snapshot' (kafka.log.ProducerStateManager)
[2020-05-28 20:41:48,398] INFO [Log partition=__consumer_offsets-26, dir=/tmp/kafka-logs] Completed load of log with 1 segments, log start offset 0 and log end offset 1 in 10 ms (kafka.log.Log)
[2020-05-28 20:41:48,407] INFO [Log partition=__consumer_offsets-10, dir=/tmp/kafka-logs] Recovering unflushed segment 0 (kafka.log.Log)
[2020-05-28 20:41:48,408] INFO [Log partition=__consumer_offsets-10, dir=/tmp/kafka-logs] Loading producer state till offset 0 with message format version 2 (kafka.log.Log)
[2020-05-28 20:41:48,411] INFO [ProducerStateManager partition=__consumer_offsets-10] Writing producer snapshot at offset 1 (kafka.log.ProducerStateManager)
[2020-05-28 20:41:48,413] INFO [Log partition=__consumer_offsets-10, dir=/tmp/kafka-logs] Loading producer state till offset 1 with message format version 2 (kafka.log.Log)
[2020-05-28 20:41:48,414] INFO [ProducerStateManager partition=__consumer_offsets-10] Loading producer state from snapshot file '/tmp/kafka-logs/__consumer_offsets-10/00000000000000000001.snapshot' (kafka.log.ProducerStateManager)
[2020-05-28 20:41:48,415] INFO [Log partition=__consumer_offsets-10, dir=/tmp/kafka-logs] Completed load of log with 1 segments, log start offset 0 and log end offset 1 in 14 ms (kafka.log.Log)
[2020-05-28 20:41:48,424] INFO [Log partition=__consumer_offsets-28, dir=/tmp/kafka-logs] Recovering unflushed segment 0 (kafka.log.Log)
[2020-05-28 20:41:48,425] INFO [Log partition=__consumer_offsets-28, dir=/tmp/kafka-logs] Loading producer state till offset 0 with message format version 2 (kafka.log.Log)
[2020-05-28 20:41:48,433] INFO [Log partition=__consumer_offsets-28, dir=/tmp/kafka-logs] Loading producer state till offset 0 with message format version 2 (kafka.log.Log)
[2020-05-28 20:41:48,434] INFO [Log partition=__consumer_offsets-28, dir=/tmp/kafka-logs] Completed load of log with 1 segments, log start offset 0 and log end offset 0 in 17 ms (kafka.log.Log)
[2020-05-28 20:41:48,438] INFO [Log partition=__consumer_offsets-17, dir=/tmp/kafka-logs] Recovering unflushed segment 0 (kafka.log.Log)
[2020-05-28 20:41:48,438] INFO [Log partition=__consumer_offsets-17, dir=/tmp/kafka-logs] Loading producer state till offset 0 with message format version 2 (kafka.log.Log)
[2020-05-28 20:41:48,441] INFO [ProducerStateManager partition=__consumer_offsets-17] Writing producer snapshot at offset 2 (kafka.log.ProducerStateManager)
[2020-05-28 20:41:48,445] INFO [Log partition=__consumer_offsets-17, dir=/tmp/kafka-logs] Loading producer state till offset 2 with message format version 2 (kafka.log.Log)
[2020-05-28 20:41:48,447] INFO [ProducerStateManager partition=__consumer_offsets-17] Loading producer state from snapshot file '/tmp/kafka-logs/__consumer_offsets-17/00000000000000000002.snapshot' (kafka.log.ProducerStateManager)
[2020-05-28 20:41:48,448] INFO [Log partition=__consumer_offsets-17, dir=/tmp/kafka-logs] Completed load of log with 1 segments, log start offset 0 and log end offset 2 in 13 ms (kafka.log.Log)
[2020-05-28 20:41:48,452] INFO Logs loading complete in 1371 ms. (kafka.log.LogManager)
[2020-05-28 20:41:48,470] INFO Starting log cleanup with a period of 300000 ms. (kafka.log.LogManager)
[2020-05-28 20:41:48,472] INFO Starting log flusher with a default period of 9223372036854775807 ms. (kafka.log.LogManager)
[2020-05-28 20:41:48,770] INFO Awaiting socket connections on 0.0.0.0:9092. (kafka.network.Acceptor)
[2020-05-28 20:41:48,814] INFO [SocketServer brokerId=0] Started 1 acceptor threads (kafka.network.SocketServer)
[2020-05-28 20:41:48,846] INFO [ExpirationReaper-0-Produce]: Starting (kafka.server.DelayedOperationPurgatory$ExpiredOperationReaper)
[2020-05-28 20:41:48,846] INFO [ExpirationReaper-0-Fetch]: Starting (kafka.server.DelayedOperationPurgatory$ExpiredOperationReaper)
[2020-05-28 20:41:48,847] INFO [ExpirationReaper-0-DeleteRecords]: Starting (kafka.server.DelayedOperationPurgatory$ExpiredOperationReaper)
[2020-05-28 20:41:48,863] INFO [LogDirFailureHandler]: Starting (kafka.server.ReplicaManager$LogDirFailureHandler)
[2020-05-28 20:41:48,953] INFO Creating /brokers/ids/0 (is it secure? false) (kafka.zk.KafkaZkClient)
[2020-05-28 20:41:48,967] ERROR Error while creating ephemeral at /brokers/ids/0, node already exists and owner '104245943598120960' does not match current session '104246129802084352' (kafka.zk.KafkaZkClient$CheckedEphemeral)
[2020-05-28 20:41:48,967] INFO Result of znode creation at /brokers/ids/0 is: NODEEXISTS (kafka.zk.KafkaZkClient)
[2020-05-28 20:41:48,975] ERROR [KafkaServer id=0] Fatal error during KafkaServer startup. Prepare to shutdown (kafka.server.KafkaServer)
org.apache.zookeeper.KeeperException$NodeExistsException: KeeperErrorCode = NodeExists
	at org.apache.zookeeper.KeeperException.create(KeeperException.java:122)
	at kafka.zk.KafkaZkClient.checkedEphemeralCreate(KafkaZkClient.scala:1631)
	at kafka.zk.KafkaZkClient.registerBroker(KafkaZkClient.scala:87)
	at kafka.server.KafkaServer.startup(KafkaServer.scala:257)
	at kafka.server.KafkaServerStartable.startup(KafkaServerStartable.scala:38)
	at kafka.Kafka$.main(Kafka.scala:75)
	at kafka.Kafka.main(Kafka.scala)
[2020-05-28 20:41:48,979] INFO [KafkaServer id=0] shutting down (kafka.server.KafkaServer)
[2020-05-28 20:41:48,983] INFO [SocketServer brokerId=0] Stopping socket server request processors (kafka.network.SocketServer)
[2020-05-28 20:41:48,990] INFO [SocketServer brokerId=0] Stopped socket server request processors (kafka.network.SocketServer)
[2020-05-28 20:41:48,998] INFO [ReplicaManager broker=0] Shutting down (kafka.server.ReplicaManager)
[2020-05-28 20:41:48,999] INFO [LogDirFailureHandler]: Shutting down (kafka.server.ReplicaManager$LogDirFailureHandler)
[2020-05-28 20:41:49,001] INFO [LogDirFailureHandler]: Shutdown completed (kafka.server.ReplicaManager$LogDirFailureHandler)
[2020-05-28 20:41:49,001] INFO [LogDirFailureHandler]: Stopped (kafka.server.ReplicaManager$LogDirFailureHandler)
[2020-05-28 20:41:49,003] INFO [ReplicaFetcherManager on broker 0] shutting down (kafka.server.ReplicaFetcherManager)
[2020-05-28 20:41:49,015] INFO [ReplicaFetcherManager on broker 0] shutdown completed (kafka.server.ReplicaFetcherManager)
[2020-05-28 20:41:49,016] INFO [ReplicaAlterLogDirsManager on broker 0] shutting down (kafka.server.ReplicaAlterLogDirsManager)
[2020-05-28 20:41:49,018] INFO [ReplicaAlterLogDirsManager on broker 0] shutdown completed (kafka.server.ReplicaAlterLogDirsManager)
[2020-05-28 20:41:49,018] INFO [ExpirationReaper-0-Fetch]: Shutting down (kafka.server.DelayedOperationPurgatory$ExpiredOperationReaper)
[2020-05-28 20:41:49,051] INFO [ExpirationReaper-0-Fetch]: Stopped (kafka.server.DelayedOperationPurgatory$ExpiredOperationReaper)
[2020-05-28 20:41:49,051] INFO [ExpirationReaper-0-Fetch]: Shutdown completed (kafka.server.DelayedOperationPurgatory$ExpiredOperationReaper)
[2020-05-28 20:41:49,052] INFO [ExpirationReaper-0-Produce]: Shutting down (kafka.server.DelayedOperationPurgatory$ExpiredOperationReaper)
[2020-05-28 20:41:49,249] INFO [ExpirationReaper-0-Produce]: Stopped (kafka.server.DelayedOperationPurgatory$ExpiredOperationReaper)
[2020-05-28 20:41:49,249] INFO [ExpirationReaper-0-Produce]: Shutdown completed (kafka.server.DelayedOperationPurgatory$ExpiredOperationReaper)
[2020-05-28 20:41:49,249] INFO [ExpirationReaper-0-DeleteRecords]: Shutting down (kafka.server.DelayedOperationPurgatory$ExpiredOperationReaper)
[2020-05-28 20:41:49,254] INFO [ExpirationReaper-0-DeleteRecords]: Stopped (kafka.server.DelayedOperationPurgatory$ExpiredOperationReaper)
[2020-05-28 20:41:49,254] INFO [ExpirationReaper-0-DeleteRecords]: Shutdown completed (kafka.server.DelayedOperationPurgatory$ExpiredOperationReaper)
[2020-05-28 20:41:49,266] INFO [ReplicaManager broker=0] Shut down completely (kafka.server.ReplicaManager)
[2020-05-28 20:41:49,267] INFO Shutting down. (kafka.log.LogManager)
[2020-05-28 20:41:49,339] INFO Shutdown complete. (kafka.log.LogManager)
[2020-05-28 20:41:49,340] INFO [ZooKeeperClient] Closing. (kafka.zookeeper.ZooKeeperClient)
[2020-05-28 20:41:49,342] INFO Session: 0x1725b4d80100000 closed (org.apache.zookeeper.ZooKeeper)
[2020-05-28 20:41:49,343] INFO [ZooKeeperClient] Closed. (kafka.zookeeper.ZooKeeperClient)
[2020-05-28 20:41:49,344] INFO EventThread shut down for session: 0x1725b4d80100000 (org.apache.zookeeper.ClientCnxn)
[2020-05-28 20:41:49,344] INFO [ThrottledChannelReaper-Fetch]: Shutting down (kafka.server.ClientQuotaManager$ThrottledChannelReaper)
[2020-05-28 20:41:50,025] INFO [ThrottledChannelReaper-Fetch]: Stopped (kafka.server.ClientQuotaManager$ThrottledChannelReaper)
[2020-05-28 20:41:50,025] INFO [ThrottledChannelReaper-Fetch]: Shutdown completed (kafka.server.ClientQuotaManager$ThrottledChannelReaper)
[2020-05-28 20:41:50,026] INFO [ThrottledChannelReaper-Produce]: Shutting down (kafka.server.ClientQuotaManager$ThrottledChannelReaper)
[2020-05-28 20:41:51,026] INFO [ThrottledChannelReaper-Produce]: Stopped (kafka.server.ClientQuotaManager$ThrottledChannelReaper)
[2020-05-28 20:41:51,026] INFO [ThrottledChannelReaper-Produce]: Shutdown completed (kafka.server.ClientQuotaManager$ThrottledChannelReaper)
[2020-05-28 20:41:51,026] INFO [ThrottledChannelReaper-Request]: Shutting down (kafka.server.ClientQuotaManager$ThrottledChannelReaper)
[2020-05-28 20:41:52,031] INFO [ThrottledChannelReaper-Request]: Stopped (kafka.server.ClientQuotaManager$ThrottledChannelReaper)
[2020-05-28 20:41:52,031] INFO [ThrottledChannelReaper-Request]: Shutdown completed (kafka.server.ClientQuotaManager$ThrottledChannelReaper)
[2020-05-28 20:41:52,033] INFO [SocketServer brokerId=0] Shutting down socket server (kafka.network.SocketServer)
[2020-05-28 20:41:52,080] INFO [SocketServer brokerId=0] Shutdown completed (kafka.network.SocketServer)
[2020-05-28 20:41:52,085] INFO [KafkaServer id=0] shut down completed (kafka.server.KafkaServer)
[2020-05-28 20:41:52,085] ERROR Exiting Kafka. (kafka.server.KafkaServerStartable)
[2020-05-28 20:41:52,091] INFO [KafkaServer id=0] shutting down (kafka.server.KafkaServer)
