ZooKeeper JMX enabled by default
Using config: /worker/java/zookeeper-3.4.10/bin/../conf/zoo.cfg
Starting zookeeper ... already running as process 10213.
2020-05-28 18:08:06 0 [Warning] TIMESTAMP with implicit DEFAULT value is deprecated. Please use --explicit_defaults_for_timestamp server option (see documentation for more details).
2020-05-28 18:08:06 10534 [Warning] One can only use the --user switch if running as root

2020-05-28 18:08:06 10534 [Note] Plugin 'FEDERATED' is disabled.
2020-05-28 18:08:06 10534 [Note] InnoDB: Using atomics to ref count buffer pool pages
2020-05-28 18:08:06 10534 [Note] InnoDB: The InnoDB memory heap is disabled
2020-05-28 18:08:06 10534 [Note] InnoDB: Mutexes and rw_locks use GCC atomic builtins
2020-05-28 18:08:06 10534 [Note] InnoDB: Memory barrier is not used
2020-05-28 18:08:06 10534 [Note] InnoDB: Compressed tables use zlib 1.2.3
2020-05-28 18:08:06 10534 [Note] InnoDB: Using CPU crc32 instructions
2020-05-28 18:08:06 10534 [Note] InnoDB: Initializing buffer pool, size = 128.0M
2020-05-28 18:08:06 10534 [Note] InnoDB: Completed initialization of buffer pool
2020-05-28 18:08:06 10534 [Note] InnoDB: Highest supported file format is Barracuda.
2020-05-28 18:08:06 10534 [Note] InnoDB: The log sequence numbers 48899845 and 48899845 in ibdata files do not match the log sequence number 48899885 in the ib_logfiles!
2020-05-28 18:08:06 10534 [Note] InnoDB: Database was not shutdown normally!
2020-05-28 18:08:06 10534 [Note] InnoDB: Starting crash recovery.
2020-05-28 18:08:06 10534 [Note] InnoDB: Reading tablespace information from the .ibd files...
2020-05-28 18:08:06 10534 [Note] InnoDB: Restoring possible half-written data pages 
2020-05-28 18:08:06 10534 [Note] InnoDB: from the doublewrite buffer...
InnoDB: Last MySQL binlog file position 0 28486, file name mysql-bin.000056
2020-05-28 18:08:07 10534 [Note] InnoDB: 128 rollback segment(s) are active.
2020-05-28 18:08:07 10534 [Note] InnoDB: 5.6.21 started; log sequence number 48899885
2020-05-28 18:08:07 10534 [Note] Recovering after a crash using mysql-bin
2020-05-28 18:08:07 10534 [Note] Starting crash recovery...
2020-05-28 18:08:07 10534 [Note] Crash recovery finished.
2020-05-28 18:08:07 10534 [Note] Server hostname (bind-address): '*'; port: 3306
2020-05-28 18:08:07 10534 [Note] IPv6 is available.
2020-05-28 18:08:07 10534 [Note]   - '::' resolves to '::';
2020-05-28 18:08:07 10534 [Note] Server socket created on IP: '::'.
2020-05-28 18:08:07 10534 [Note] Event Scheduler: Loaded 0 events
2020-05-28 18:08:07 10534 [Note] mysqld: ready for connections.
Version: '5.6.21-log'  socket: '/tmp/mysql.sock'  port: 3306  MySQL Community Server (GPL)
[2020-05-28 18:08:07,549] INFO Registered kafka:type=kafka.Log4jController MBean (kafka.utils.Log4jControllerRegistration$)
[2020-05-28 18:08:07,947] INFO starting (kafka.server.KafkaServer)
[2020-05-28 18:08:07,948] INFO Connecting to zookeeper on localhost:2181 (kafka.server.KafkaServer)
[2020-05-28 18:08:07,964] INFO [ZooKeeperClient] Initializing a new session to localhost:2181. (kafka.zookeeper.ZooKeeperClient)
[2020-05-28 18:08:07,970] INFO Client environment:zookeeper.version=3.4.13-2d71af4dbe22557fda74f9a9b4309b15a7487f03, built on 06/29/2018 00:39 GMT (org.apache.zookeeper.ZooKeeper)
[2020-05-28 18:08:07,971] INFO Client environment:host.name=localhost (org.apache.zookeeper.ZooKeeper)
[2020-05-28 18:08:07,971] INFO Client environment:java.version=1.8.0_241 (org.apache.zookeeper.ZooKeeper)
[2020-05-28 18:08:07,971] INFO Client environment:java.vendor=Oracle Corporation (org.apache.zookeeper.ZooKeeper)
[2020-05-28 18:08:07,971] INFO Client environment:java.home=/Library/Java/JavaVirtualMachines/jdk1.8.0_241.jdk/Contents/Home/jre (org.apache.zookeeper.ZooKeeper)
[2020-05-28 18:08:07,971] INFO Client environment:java.class.path=.:%JAVA_HOME%libdt.jar:%JAVA_HOME%libtools.jar:/worker/java/kafka2.11-2.1.1/bin/../libs/activation-1.1.1.jar:/worker/java/kafka2.11-2.1.1/bin/../libs/aopalliance-repackaged-2.5.0-b42.jar:/worker/java/kafka2.11-2.1.1/bin/../libs/argparse4j-0.7.0.jar:/worker/java/kafka2.11-2.1.1/bin/../libs/audience-annotations-0.5.0.jar:/worker/java/kafka2.11-2.1.1/bin/../libs/commons-lang3-3.8.1.jar:/worker/java/kafka2.11-2.1.1/bin/../libs/connect-api-2.1.1.jar:/worker/java/kafka2.11-2.1.1/bin/../libs/connect-basic-auth-extension-2.1.1.jar:/worker/java/kafka2.11-2.1.1/bin/../libs/connect-file-2.1.1.jar:/worker/java/kafka2.11-2.1.1/bin/../libs/connect-json-2.1.1.jar:/worker/java/kafka2.11-2.1.1/bin/../libs/connect-runtime-2.1.1.jar:/worker/java/kafka2.11-2.1.1/bin/../libs/connect-transforms-2.1.1.jar:/worker/java/kafka2.11-2.1.1/bin/../libs/guava-20.0.jar:/worker/java/kafka2.11-2.1.1/bin/../libs/hk2-api-2.5.0-b42.jar:/worker/java/kafka2.11-2.1.1/bin/../libs/hk2-locator-2.5.0-b42.jar:/worker/java/kafka2.11-2.1.1/bin/../libs/hk2-utils-2.5.0-b42.jar:/worker/java/kafka2.11-2.1.1/bin/../libs/jackson-annotations-2.9.8.jar:/worker/java/kafka2.11-2.1.1/bin/../libs/jackson-core-2.9.8.jar:/worker/java/kafka2.11-2.1.1/bin/../libs/jackson-databind-2.9.8.jar:/worker/java/kafka2.11-2.1.1/bin/../libs/jackson-jaxrs-base-2.9.8.jar:/worker/java/kafka2.11-2.1.1/bin/../libs/jackson-jaxrs-json-provider-2.9.8.jar:/worker/java/kafka2.11-2.1.1/bin/../libs/jackson-module-jaxb-annotations-2.9.8.jar:/worker/java/kafka2.11-2.1.1/bin/../libs/javassist-3.22.0-CR2.jar:/worker/java/kafka2.11-2.1.1/bin/../libs/javax.annotation-api-1.2.jar:/worker/java/kafka2.11-2.1.1/bin/../libs/javax.inject-1.jar:/worker/java/kafka2.11-2.1.1/bin/../libs/javax.inject-2.5.0-b42.jar:/worker/java/kafka2.11-2.1.1/bin/../libs/javax.servlet-api-3.1.0.jar:/worker/java/kafka2.11-2.1.1/bin/../libs/javax.ws.rs-api-2.1.1.jar:/worker/java/kafka2.11-2.1.1/bin/../libs/javax.ws.rs-api-2.1.jar:/worker/java/kafka2.11-2.1.1/bin/../libs/jaxb-api-2.3.0.jar:/worker/java/kafka2.11-2.1.1/bin/../libs/jersey-client-2.27.jar:/worker/java/kafka2.11-2.1.1/bin/../libs/jersey-common-2.27.jar:/worker/java/kafka2.11-2.1.1/bin/../libs/jersey-container-servlet-2.27.jar:/worker/java/kafka2.11-2.1.1/bin/../libs/jersey-container-servlet-core-2.27.jar:/worker/java/kafka2.11-2.1.1/bin/../libs/jersey-hk2-2.27.jar:/worker/java/kafka2.11-2.1.1/bin/../libs/jersey-media-jaxb-2.27.jar:/worker/java/kafka2.11-2.1.1/bin/../libs/jersey-server-2.27.jar:/worker/java/kafka2.11-2.1.1/bin/../libs/jetty-client-9.4.12.v20180830.jar:/worker/java/kafka2.11-2.1.1/bin/../libs/jetty-continuation-9.4.12.v20180830.jar:/worker/java/kafka2.11-2.1.1/bin/../libs/jetty-http-9.4.12.v20180830.jar:/worker/java/kafka2.11-2.1.1/bin/../libs/jetty-io-9.4.12.v20180830.jar:/worker/java/kafka2.11-2.1.1/bin/../libs/jetty-security-9.4.12.v20180830.jar:/worker/java/kafka2.11-2.1.1/bin/../libs/jetty-server-9.4.12.v20180830.jar:/worker/java/kafka2.11-2.1.1/bin/../libs/jetty-servlet-9.4.12.v20180830.jar:/worker/java/kafka2.11-2.1.1/bin/../libs/jetty-servlets-9.4.12.v20180830.jar:/worker/java/kafka2.11-2.1.1/bin/../libs/jetty-util-9.4.12.v20180830.jar:/worker/java/kafka2.11-2.1.1/bin/../libs/jopt-simple-5.0.4.jar:/worker/java/kafka2.11-2.1.1/bin/../libs/kafka-clients-2.1.1.jar:/worker/java/kafka2.11-2.1.1/bin/../libs/kafka-log4j-appender-2.1.1.jar:/worker/java/kafka2.11-2.1.1/bin/../libs/kafka-streams-2.1.1.jar:/worker/java/kafka2.11-2.1.1/bin/../libs/kafka-streams-examples-2.1.1.jar:/worker/java/kafka2.11-2.1.1/bin/../libs/kafka-streams-scala_2.11-2.1.1.jar:/worker/java/kafka2.11-2.1.1/bin/../libs/kafka-streams-test-utils-2.1.1.jar:/worker/java/kafka2.11-2.1.1/bin/../libs/kafka-tools-2.1.1.jar:/worker/java/kafka2.11-2.1.1/bin/../libs/kafka_2.11-2.1.1-sources.jar:/worker/java/kafka2.11-2.1.1/bin/../libs/kafka_2.11-2.1.1.jar:/worker/java/kafka2.11-2.1.1/bin/../libs/log4j-1.2.17.jar:/worker/java/kafka2.11-2.1.1/bin/../libs/lz4-java-1.5.0.jar:/worker/java/kafka2.11-2.1.1/bin/../libs/maven-artifact-3.6.0.jar:/worker/java/kafka2.11-2.1.1/bin/../libs/metrics-core-2.2.0.jar:/worker/java/kafka2.11-2.1.1/bin/../libs/osgi-resource-locator-1.0.1.jar:/worker/java/kafka2.11-2.1.1/bin/../libs/plexus-utils-3.1.0.jar:/worker/java/kafka2.11-2.1.1/bin/../libs/reflections-0.9.11.jar:/worker/java/kafka2.11-2.1.1/bin/../libs/rocksdbjni-5.14.2.jar:/worker/java/kafka2.11-2.1.1/bin/../libs/scala-library-2.11.12.jar:/worker/java/kafka2.11-2.1.1/bin/../libs/scala-logging_2.11-3.9.0.jar:/worker/java/kafka2.11-2.1.1/bin/../libs/scala-reflect-2.11.12.jar:/worker/java/kafka2.11-2.1.1/bin/../libs/slf4j-api-1.7.25.jar:/worker/java/kafka2.11-2.1.1/bin/../libs/slf4j-log4j12-1.7.25.jar:/worker/java/kafka2.11-2.1.1/bin/../libs/snappy-java-1.1.7.2.jar:/worker/java/kafka2.11-2.1.1/bin/../libs/validation-api-1.1.0.Final.jar:/worker/java/kafka2.11-2.1.1/bin/../libs/zkclient-0.11.jar:/worker/java/kafka2.11-2.1.1/bin/../libs/zookeeper-3.4.13.jar:/worker/java/kafka2.11-2.1.1/bin/../libs/zstd-jni-1.3.7-1.jar (org.apache.zookeeper.ZooKeeper)
[2020-05-28 18:08:07,971] INFO Client environment:java.library.path=/Users/zscome/Library/Java/Extensions:/Library/Java/Extensions:/Network/Library/Java/Extensions:/System/Library/Java/Extensions:/usr/lib/java:. (org.apache.zookeeper.ZooKeeper)
[2020-05-28 18:08:07,972] INFO Client environment:java.io.tmpdir=/var/folders/g1/vpt8s3rs4bxb_3fs1yb46f4h0000gn/T/ (org.apache.zookeeper.ZooKeeper)
[2020-05-28 18:08:07,972] INFO Client environment:java.compiler=<NA> (org.apache.zookeeper.ZooKeeper)
[2020-05-28 18:08:07,972] INFO Client environment:os.name=Mac OS X (org.apache.zookeeper.ZooKeeper)
[2020-05-28 18:08:07,972] INFO Client environment:os.arch=x86_64 (org.apache.zookeeper.ZooKeeper)
[2020-05-28 18:08:07,972] INFO Client environment:os.version=10.13.6 (org.apache.zookeeper.ZooKeeper)
[2020-05-28 18:08:07,972] INFO Client environment:user.name=zscome (org.apache.zookeeper.ZooKeeper)
[2020-05-28 18:08:07,972] INFO Client environment:user.home=/Users/zscome (org.apache.zookeeper.ZooKeeper)
[2020-05-28 18:08:07,972] INFO Client environment:user.dir=/huyue/workspace/java/kafka2.11-2.1.1/bin (org.apache.zookeeper.ZooKeeper)
[2020-05-28 18:08:07,973] INFO Initiating client connection, connectString=localhost:2181 sessionTimeout=6000 watcher=kafka.zookeeper.ZooKeeperClient$ZooKeeperClientWatcher$@6069db50 (org.apache.zookeeper.ZooKeeper)
[2020-05-28 18:08:07,990] INFO [ZooKeeperClient] Waiting until connected. (kafka.zookeeper.ZooKeeperClient)
[2020-05-28 18:08:07,991] INFO Opening socket connection to server localhost/172.16.43.154:2181. Will not attempt to authenticate using SASL (unknown error) (org.apache.zookeeper.ClientCnxn)
[2020-05-28 18:08:08,011] INFO Socket connection established to localhost/172.16.43.154:2181, initiating session (org.apache.zookeeper.ClientCnxn)
[2020-05-28 18:08:08,019] INFO Session establishment complete on server localhost/172.16.43.154:2181, sessionid = 0x1725ac02b950001, negotiated timeout = 6000 (org.apache.zookeeper.ClientCnxn)
[2020-05-28 18:08:08,022] INFO [ZooKeeperClient] Connected. (kafka.zookeeper.ZooKeeperClient)
[2020-05-28 18:08:08,286] INFO Cluster ID = o1e2Ulp5SJavbLAxvpC15g (kafka.server.KafkaServer)
[2020-05-28 18:08:08,351] INFO KafkaConfig values: 
	advertised.host.name = null
	advertised.listeners = null
	advertised.port = null
	alter.config.policy.class.name = null
	alter.log.dirs.replication.quota.window.num = 11
	alter.log.dirs.replication.quota.window.size.seconds = 1
	authorizer.class.name = 
	auto.create.topics.enable = true
	auto.leader.rebalance.enable = true
	background.threads = 10
	broker.id = 0
	broker.id.generation.enable = true
	broker.rack = null
	client.quota.callback.class = null
	compression.type = producer
	connection.failed.authentication.delay.ms = 100
	connections.max.idle.ms = 600000
	controlled.shutdown.enable = true
	controlled.shutdown.max.retries = 3
	controlled.shutdown.retry.backoff.ms = 5000
	controller.socket.timeout.ms = 30000
	create.topic.policy.class.name = null
	default.replication.factor = 1
	delegation.token.expiry.check.interval.ms = 3600000
	delegation.token.expiry.time.ms = 86400000
	delegation.token.master.key = null
	delegation.token.max.lifetime.ms = 604800000
	delete.records.purgatory.purge.interval.requests = 1
	delete.topic.enable = true
	fetch.purgatory.purge.interval.requests = 1000
	group.initial.rebalance.delay.ms = 0
	group.max.session.timeout.ms = 300000
	group.min.session.timeout.ms = 6000
	host.name = 
	inter.broker.listener.name = null
	inter.broker.protocol.version = 2.1-IV2
	kafka.metrics.polling.interval.secs = 10
	kafka.metrics.reporters = []
	leader.imbalance.check.interval.seconds = 300
	leader.imbalance.per.broker.percentage = 10
	listener.security.protocol.map = PLAINTEXT:PLAINTEXT,SSL:SSL,SASL_PLAINTEXT:SASL_PLAINTEXT,SASL_SSL:SASL_SSL
	listeners = null
	log.cleaner.backoff.ms = 15000
	log.cleaner.dedupe.buffer.size = 134217728
	log.cleaner.delete.retention.ms = 86400000
	log.cleaner.enable = true
	log.cleaner.io.buffer.load.factor = 0.9
	log.cleaner.io.buffer.size = 524288
	log.cleaner.io.max.bytes.per.second = 1.7976931348623157E308
	log.cleaner.min.cleanable.ratio = 0.5
	log.cleaner.min.compaction.lag.ms = 0
	log.cleaner.threads = 1
	log.cleanup.policy = [delete]
	log.dir = /tmp/kafka-logs
	log.dirs = /tmp/kafka-logs
	log.flush.interval.messages = 9223372036854775807
	log.flush.interval.ms = null
	log.flush.offset.checkpoint.interval.ms = 60000
	log.flush.scheduler.interval.ms = 9223372036854775807
	log.flush.start.offset.checkpoint.interval.ms = 60000
	log.index.interval.bytes = 4096
	log.index.size.max.bytes = 10485760
	log.message.downconversion.enable = true
	log.message.format.version = 2.1-IV2
	log.message.timestamp.difference.max.ms = 9223372036854775807
	log.message.timestamp.type = CreateTime
	log.preallocate = false
	log.retention.bytes = -1
	log.retention.check.interval.ms = 300000
	log.retention.hours = 168
	log.retention.minutes = null
	log.retention.ms = null
	log.roll.hours = 168
	log.roll.jitter.hours = 0
	log.roll.jitter.ms = null
	log.roll.ms = null
	log.segment.bytes = 1073741824
	log.segment.delete.delay.ms = 60000
	max.connections.per.ip = 2147483647
	max.connections.per.ip.overrides = 
	max.incremental.fetch.session.cache.slots = 1000
	message.max.bytes = 1000012
	metric.reporters = []
	metrics.num.samples = 2
	metrics.recording.level = INFO
	metrics.sample.window.ms = 30000
	min.insync.replicas = 1
	num.io.threads = 8
	num.network.threads = 3
	num.partitions = 1
	num.recovery.threads.per.data.dir = 1
	num.replica.alter.log.dirs.threads = null
	num.replica.fetchers = 1
	offset.metadata.max.bytes = 4096
	offsets.commit.required.acks = -1
	offsets.commit.timeout.ms = 5000
	offsets.load.buffer.size = 5242880
	offsets.retention.check.interval.ms = 600000
	offsets.retention.minutes = 10080
	offsets.topic.compression.codec = 0
	offsets.topic.num.partitions = 50
	offsets.topic.replication.factor = 1
	offsets.topic.segment.bytes = 104857600
	password.encoder.cipher.algorithm = AES/CBC/PKCS5Padding
	password.encoder.iterations = 4096
	password.encoder.key.length = 128
	password.encoder.keyfactory.algorithm = null
	password.encoder.old.secret = null
	password.encoder.secret = null
	port = 9092
	principal.builder.class = null
	producer.purgatory.purge.interval.requests = 1000
	queued.max.request.bytes = -1
	queued.max.requests = 500
	quota.consumer.default = 9223372036854775807
	quota.producer.default = 9223372036854775807
	quota.window.num = 11
	quota.window.size.seconds = 1
	replica.fetch.backoff.ms = 1000
	replica.fetch.max.bytes = 1048576
	replica.fetch.min.bytes = 1
	replica.fetch.response.max.bytes = 10485760
	replica.fetch.wait.max.ms = 500
	replica.high.watermark.checkpoint.interval.ms = 5000
	replica.lag.time.max.ms = 10000
	replica.socket.receive.buffer.bytes = 65536
	replica.socket.timeout.ms = 30000
	replication.quota.window.num = 11
	replication.quota.window.size.seconds = 1
	request.timeout.ms = 30000
	reserved.broker.max.id = 1000
	sasl.client.callback.handler.class = null
	sasl.enabled.mechanisms = [GSSAPI]
	sasl.jaas.config = null
	sasl.kerberos.kinit.cmd = /usr/bin/kinit
	sasl.kerberos.min.time.before.relogin = 60000
	sasl.kerberos.principal.to.local.rules = [DEFAULT]
	sasl.kerberos.service.name = null
	sasl.kerberos.ticket.renew.jitter = 0.05
	sasl.kerberos.ticket.renew.window.factor = 0.8
	sasl.login.callback.handler.class = null
	sasl.login.class = null
	sasl.login.refresh.buffer.seconds = 300
	sasl.login.refresh.min.period.seconds = 60
	sasl.login.refresh.window.factor = 0.8
	sasl.login.refresh.window.jitter = 0.05
	sasl.mechanism.inter.broker.protocol = GSSAPI
	sasl.server.callback.handler.class = null
	security.inter.broker.protocol = PLAINTEXT
	socket.receive.buffer.bytes = 102400
	socket.request.max.bytes = 104857600
	socket.send.buffer.bytes = 102400
	ssl.cipher.suites = []
	ssl.client.auth = none
	ssl.enabled.protocols = [TLSv1.2, TLSv1.1, TLSv1]
	ssl.endpoint.identification.algorithm = https
	ssl.key.password = null
	ssl.keymanager.algorithm = SunX509
	ssl.keystore.location = null
	ssl.keystore.password = null
	ssl.keystore.type = JKS
	ssl.protocol = TLS
	ssl.provider = null
	ssl.secure.random.implementation = null
	ssl.trustmanager.algorithm = PKIX
	ssl.truststore.location = null
	ssl.truststore.password = null
	ssl.truststore.type = JKS
	transaction.abort.timed.out.transaction.cleanup.interval.ms = 60000
	transaction.max.timeout.ms = 900000
	transaction.remove.expired.transaction.cleanup.interval.ms = 3600000
	transaction.state.log.load.buffer.size = 5242880
	transaction.state.log.min.isr = 1
	transaction.state.log.num.partitions = 50
	transaction.state.log.replication.factor = 1
	transaction.state.log.segment.bytes = 104857600
	transactional.id.expiration.ms = 604800000
	unclean.leader.election.enable = false
	zookeeper.connect = localhost:2181
	zookeeper.connection.timeout.ms = 6000
	zookeeper.max.in.flight.requests = 10
	zookeeper.session.timeout.ms = 6000
	zookeeper.set.acl = false
	zookeeper.sync.time.ms = 2000
 (kafka.server.KafkaConfig)
[2020-05-28 18:08:08,360] INFO KafkaConfig values: 
	advertised.host.name = null
	advertised.listeners = null
	advertised.port = null
	alter.config.policy.class.name = null
	alter.log.dirs.replication.quota.window.num = 11
	alter.log.dirs.replication.quota.window.size.seconds = 1
	authorizer.class.name = 
	auto.create.topics.enable = true
	auto.leader.rebalance.enable = true
	background.threads = 10
	broker.id = 0
	broker.id.generation.enable = true
	broker.rack = null
	client.quota.callback.class = null
	compression.type = producer
	connection.failed.authentication.delay.ms = 100
	connections.max.idle.ms = 600000
	controlled.shutdown.enable = true
	controlled.shutdown.max.retries = 3
	controlled.shutdown.retry.backoff.ms = 5000
	controller.socket.timeout.ms = 30000
	create.topic.policy.class.name = null
	default.replication.factor = 1
	delegation.token.expiry.check.interval.ms = 3600000
	delegation.token.expiry.time.ms = 86400000
	delegation.token.master.key = null
	delegation.token.max.lifetime.ms = 604800000
	delete.records.purgatory.purge.interval.requests = 1
	delete.topic.enable = true
	fetch.purgatory.purge.interval.requests = 1000
	group.initial.rebalance.delay.ms = 0
	group.max.session.timeout.ms = 300000
	group.min.session.timeout.ms = 6000
	host.name = 
	inter.broker.listener.name = null
	inter.broker.protocol.version = 2.1-IV2
	kafka.metrics.polling.interval.secs = 10
	kafka.metrics.reporters = []
	leader.imbalance.check.interval.seconds = 300
	leader.imbalance.per.broker.percentage = 10
	listener.security.protocol.map = PLAINTEXT:PLAINTEXT,SSL:SSL,SASL_PLAINTEXT:SASL_PLAINTEXT,SASL_SSL:SASL_SSL
	listeners = null
	log.cleaner.backoff.ms = 15000
	log.cleaner.dedupe.buffer.size = 134217728
	log.cleaner.delete.retention.ms = 86400000
	log.cleaner.enable = true
	log.cleaner.io.buffer.load.factor = 0.9
	log.cleaner.io.buffer.size = 524288
	log.cleaner.io.max.bytes.per.second = 1.7976931348623157E308
	log.cleaner.min.cleanable.ratio = 0.5
	log.cleaner.min.compaction.lag.ms = 0
	log.cleaner.threads = 1
	log.cleanup.policy = [delete]
	log.dir = /tmp/kafka-logs
	log.dirs = /tmp/kafka-logs
	log.flush.interval.messages = 9223372036854775807
	log.flush.interval.ms = null
	log.flush.offset.checkpoint.interval.ms = 60000
	log.flush.scheduler.interval.ms = 9223372036854775807
	log.flush.start.offset.checkpoint.interval.ms = 60000
	log.index.interval.bytes = 4096
	log.index.size.max.bytes = 10485760
	log.message.downconversion.enable = true
	log.message.format.version = 2.1-IV2
	log.message.timestamp.difference.max.ms = 9223372036854775807
	log.message.timestamp.type = CreateTime
	log.preallocate = false
	log.retention.bytes = -1
	log.retention.check.interval.ms = 300000
	log.retention.hours = 168
	log.retention.minutes = null
	log.retention.ms = null
	log.roll.hours = 168
	log.roll.jitter.hours = 0
	log.roll.jitter.ms = null
	log.roll.ms = null
	log.segment.bytes = 1073741824
	log.segment.delete.delay.ms = 60000
	max.connections.per.ip = 2147483647
	max.connections.per.ip.overrides = 
	max.incremental.fetch.session.cache.slots = 1000
	message.max.bytes = 1000012
	metric.reporters = []
	metrics.num.samples = 2
	metrics.recording.level = INFO
	metrics.sample.window.ms = 30000
	min.insync.replicas = 1
	num.io.threads = 8
	num.network.threads = 3
	num.partitions = 1
	num.recovery.threads.per.data.dir = 1
	num.replica.alter.log.dirs.threads = null
	num.replica.fetchers = 1
	offset.metadata.max.bytes = 4096
	offsets.commit.required.acks = -1
	offsets.commit.timeout.ms = 5000
	offsets.load.buffer.size = 5242880
	offsets.retention.check.interval.ms = 600000
	offsets.retention.minutes = 10080
	offsets.topic.compression.codec = 0
	offsets.topic.num.partitions = 50
	offsets.topic.replication.factor = 1
	offsets.topic.segment.bytes = 104857600
	password.encoder.cipher.algorithm = AES/CBC/PKCS5Padding
	password.encoder.iterations = 4096
	password.encoder.key.length = 128
	password.encoder.keyfactory.algorithm = null
	password.encoder.old.secret = null
	password.encoder.secret = null
	port = 9092
	principal.builder.class = null
	producer.purgatory.purge.interval.requests = 1000
	queued.max.request.bytes = -1
	queued.max.requests = 500
	quota.consumer.default = 9223372036854775807
	quota.producer.default = 9223372036854775807
	quota.window.num = 11
	quota.window.size.seconds = 1
	replica.fetch.backoff.ms = 1000
	replica.fetch.max.bytes = 1048576
	replica.fetch.min.bytes = 1
	replica.fetch.response.max.bytes = 10485760
	replica.fetch.wait.max.ms = 500
	replica.high.watermark.checkpoint.interval.ms = 5000
	replica.lag.time.max.ms = 10000
	replica.socket.receive.buffer.bytes = 65536
	replica.socket.timeout.ms = 30000
	replication.quota.window.num = 11
	replication.quota.window.size.seconds = 1
	request.timeout.ms = 30000
	reserved.broker.max.id = 1000
	sasl.client.callback.handler.class = null
	sasl.enabled.mechanisms = [GSSAPI]
	sasl.jaas.config = null
	sasl.kerberos.kinit.cmd = /usr/bin/kinit
	sasl.kerberos.min.time.before.relogin = 60000
	sasl.kerberos.principal.to.local.rules = [DEFAULT]
	sasl.kerberos.service.name = null
	sasl.kerberos.ticket.renew.jitter = 0.05
	sasl.kerberos.ticket.renew.window.factor = 0.8
	sasl.login.callback.handler.class = null
	sasl.login.class = null
	sasl.login.refresh.buffer.seconds = 300
	sasl.login.refresh.min.period.seconds = 60
	sasl.login.refresh.window.factor = 0.8
	sasl.login.refresh.window.jitter = 0.05
	sasl.mechanism.inter.broker.protocol = GSSAPI
	sasl.server.callback.handler.class = null
	security.inter.broker.protocol = PLAINTEXT
	socket.receive.buffer.bytes = 102400
	socket.request.max.bytes = 104857600
	socket.send.buffer.bytes = 102400
	ssl.cipher.suites = []
	ssl.client.auth = none
	ssl.enabled.protocols = [TLSv1.2, TLSv1.1, TLSv1]
	ssl.endpoint.identification.algorithm = https
	ssl.key.password = null
	ssl.keymanager.algorithm = SunX509
	ssl.keystore.location = null
	ssl.keystore.password = null
	ssl.keystore.type = JKS
	ssl.protocol = TLS
	ssl.provider = null
	ssl.secure.random.implementation = null
	ssl.trustmanager.algorithm = PKIX
	ssl.truststore.location = null
	ssl.truststore.password = null
	ssl.truststore.type = JKS
	transaction.abort.timed.out.transaction.cleanup.interval.ms = 60000
	transaction.max.timeout.ms = 900000
	transaction.remove.expired.transaction.cleanup.interval.ms = 3600000
	transaction.state.log.load.buffer.size = 5242880
	transaction.state.log.min.isr = 1
	transaction.state.log.num.partitions = 50
	transaction.state.log.replication.factor = 1
	transaction.state.log.segment.bytes = 104857600
	transactional.id.expiration.ms = 604800000
	unclean.leader.election.enable = false
	zookeeper.connect = localhost:2181
	zookeeper.connection.timeout.ms = 6000
	zookeeper.max.in.flight.requests = 10
	zookeeper.session.timeout.ms = 6000
	zookeeper.set.acl = false
	zookeeper.sync.time.ms = 2000
 (kafka.server.KafkaConfig)
[2020-05-28 18:08:08,385] INFO [ThrottledChannelReaper-Fetch]: Starting (kafka.server.ClientQuotaManager$ThrottledChannelReaper)
[2020-05-28 18:08:08,388] INFO [ThrottledChannelReaper-Produce]: Starting (kafka.server.ClientQuotaManager$ThrottledChannelReaper)
[2020-05-28 18:08:08,389] INFO [ThrottledChannelReaper-Request]: Starting (kafka.server.ClientQuotaManager$ThrottledChannelReaper)
[2020-05-28 18:08:08,420] ERROR [KafkaServer id=0] Fatal error during KafkaServer startup. Prepare to shutdown (kafka.server.KafkaServer)
org.apache.kafka.common.KafkaException: Failed to acquire lock on file .lock in /tmp/kafka-logs. A Kafka instance in another process or thread is using this directory.
	at kafka.log.LogManager$$anonfun$lockLogDirs$1.apply(LogManager.scala:240)
	at kafka.log.LogManager$$anonfun$lockLogDirs$1.apply(LogManager.scala:236)
	at scala.collection.TraversableLike$$anonfun$flatMap$1.apply(TraversableLike.scala:241)
	at scala.collection.TraversableLike$$anonfun$flatMap$1.apply(TraversableLike.scala:241)
	at scala.collection.mutable.ResizableArray$class.foreach(ResizableArray.scala:59)
	at scala.collection.mutable.ArrayBuffer.foreach(ArrayBuffer.scala:48)
	at scala.collection.TraversableLike$class.flatMap(TraversableLike.scala:241)
	at scala.collection.AbstractTraversable.flatMap(Traversable.scala:104)
	at kafka.log.LogManager.lockLogDirs(LogManager.scala:236)
	at kafka.log.LogManager.<init>(LogManager.scala:97)
	at kafka.log.LogManager$.apply(LogManager.scala:990)
	at kafka.server.KafkaServer.startup(KafkaServer.scala:237)
	at kafka.server.KafkaServerStartable.startup(KafkaServerStartable.scala:38)
	at kafka.Kafka$.main(Kafka.scala:75)
	at kafka.Kafka.main(Kafka.scala)
[2020-05-28 18:08:08,423] INFO [KafkaServer id=0] shutting down (kafka.server.KafkaServer)
[2020-05-28 18:08:08,427] INFO [ZooKeeperClient] Closing. (kafka.zookeeper.ZooKeeperClient)
[2020-05-28 18:08:08,432] INFO Session: 0x1725ac02b950001 closed (org.apache.zookeeper.ZooKeeper)
[2020-05-28 18:08:08,433] INFO EventThread shut down for session: 0x1725ac02b950001 (org.apache.zookeeper.ClientCnxn)
[2020-05-28 18:08:08,434] INFO [ZooKeeperClient] Closed. (kafka.zookeeper.ZooKeeperClient)
[2020-05-28 18:08:08,436] INFO [ThrottledChannelReaper-Fetch]: Shutting down (kafka.server.ClientQuotaManager$ThrottledChannelReaper)
[2020-05-28 18:08:09,395] INFO [ThrottledChannelReaper-Fetch]: Stopped (kafka.server.ClientQuotaManager$ThrottledChannelReaper)
[2020-05-28 18:08:09,395] INFO [ThrottledChannelReaper-Fetch]: Shutdown completed (kafka.server.ClientQuotaManager$ThrottledChannelReaper)
[2020-05-28 18:08:09,395] INFO [ThrottledChannelReaper-Produce]: Shutting down (kafka.server.ClientQuotaManager$ThrottledChannelReaper)
[2020-05-28 18:08:10,395] INFO [ThrottledChannelReaper-Produce]: Stopped (kafka.server.ClientQuotaManager$ThrottledChannelReaper)
[2020-05-28 18:08:10,395] INFO [ThrottledChannelReaper-Produce]: Shutdown completed (kafka.server.ClientQuotaManager$ThrottledChannelReaper)
[2020-05-28 18:08:10,397] INFO [ThrottledChannelReaper-Request]: Shutting down (kafka.server.ClientQuotaManager$ThrottledChannelReaper)
[2020-05-28 18:08:11,400] INFO [ThrottledChannelReaper-Request]: Stopped (kafka.server.ClientQuotaManager$ThrottledChannelReaper)
[2020-05-28 18:08:11,400] INFO [ThrottledChannelReaper-Request]: Shutdown completed (kafka.server.ClientQuotaManager$ThrottledChannelReaper)
[2020-05-28 18:08:11,414] INFO [KafkaServer id=0] shut down completed (kafka.server.KafkaServer)
[2020-05-28 18:08:11,415] ERROR Exiting Kafka. (kafka.server.KafkaServerStartable)
[2020-05-28 18:08:11,418] INFO [KafkaServer id=0] shutting down (kafka.server.KafkaServer)
ZooKeeper JMX enabled by default
Using config: /worker/java/zookeeper-3.4.10/bin/../conf/zoo.cfg
Starting zookeeper ... 2020-05-28 18:09:58 0 [Warning] TIMESTAMP with implicit DEFAULT value is deprecated. Please use --explicit_defaults_for_timestamp server option (see documentation for more details).
2020-05-28 18:09:58 10997 [Warning] One can only use the --user switch if running as root

2020-05-28 18:09:58 10997 [Note] Plugin 'FEDERATED' is disabled.
2020-05-28 18:09:58 10997 [Note] InnoDB: Using atomics to ref count buffer pool pages
2020-05-28 18:09:58 10997 [Note] InnoDB: The InnoDB memory heap is disabled
2020-05-28 18:09:58 10997 [Note] InnoDB: Mutexes and rw_locks use GCC atomic builtins
2020-05-28 18:09:58 10997 [Note] InnoDB: Memory barrier is not used
2020-05-28 18:09:58 10997 [Note] InnoDB: Compressed tables use zlib 1.2.3
2020-05-28 18:09:58 10997 [Note] InnoDB: Using CPU crc32 instructions
2020-05-28 18:09:58 10997 [Note] InnoDB: Initializing buffer pool, size = 128.0M
2020-05-28 18:09:58 10997 [Note] InnoDB: Completed initialization of buffer pool
2020-05-28 18:09:58 10997 [Note] InnoDB: Highest supported file format is Barracuda.
2020-05-28 18:09:58 10997 [Note] InnoDB: The log sequence numbers 48899845 and 48899845 in ibdata files do not match the log sequence number 48899895 in the ib_logfiles!
2020-05-28 18:09:58 10997 [Note] InnoDB: Database was not shutdown normally!
2020-05-28 18:09:58 10997 [Note] InnoDB: Starting crash recovery.
2020-05-28 18:09:58 10997 [Note] InnoDB: Reading tablespace information from the .ibd files...
2020-05-28 18:09:58 10997 [Note] InnoDB: Restoring possible half-written data pages 
2020-05-28 18:09:58 10997 [Note] InnoDB: from the doublewrite buffer...
STARTED
InnoDB: Last MySQL binlog file position 0 28486, file name mysql-bin.000056
2020-05-28 18:09:59 10997 [Note] InnoDB: 128 rollback segment(s) are active.
2020-05-28 18:09:59 10997 [Note] InnoDB: Waiting for purge to start
2020-05-28 18:09:59 10997 [Note] InnoDB: 5.6.21 started; log sequence number 48899895
2020-05-28 18:09:59 10997 [Note] Recovering after a crash using mysql-bin
2020-05-28 18:09:59 10997 [Note] Starting crash recovery...
2020-05-28 18:09:59 10997 [Note] Crash recovery finished.
2020-05-28 18:09:59 10997 [Note] Server hostname (bind-address): '*'; port: 3306
2020-05-28 18:09:59 10997 [Note] IPv6 is available.
2020-05-28 18:09:59 10997 [Note]   - '::' resolves to '::';
2020-05-28 18:09:59 10997 [Note] Server socket created on IP: '::'.
2020-05-28 18:09:59 10997 [Note] Event Scheduler: Loaded 0 events
2020-05-28 18:09:59 10997 [Note] mysqld: ready for connections.
Version: '5.6.21-log'  socket: '/tmp/mysql.sock'  port: 3306  MySQL Community Server (GPL)
[2020-05-28 18:09:59,632] INFO Registered kafka:type=kafka.Log4jController MBean (kafka.utils.Log4jControllerRegistration$)
[2020-05-28 18:10:00,097] INFO starting (kafka.server.KafkaServer)
[2020-05-28 18:10:00,099] INFO Connecting to zookeeper on localhost:2181 (kafka.server.KafkaServer)
[2020-05-28 18:10:00,118] INFO [ZooKeeperClient] Initializing a new session to localhost:2181. (kafka.zookeeper.ZooKeeperClient)
[2020-05-28 18:10:00,125] INFO Client environment:zookeeper.version=3.4.13-2d71af4dbe22557fda74f9a9b4309b15a7487f03, built on 06/29/2018 00:39 GMT (org.apache.zookeeper.ZooKeeper)
[2020-05-28 18:10:00,125] INFO Client environment:host.name=localhost (org.apache.zookeeper.ZooKeeper)
[2020-05-28 18:10:00,126] INFO Client environment:java.version=1.8.0_241 (org.apache.zookeeper.ZooKeeper)
[2020-05-28 18:10:00,126] INFO Client environment:java.vendor=Oracle Corporation (org.apache.zookeeper.ZooKeeper)
[2020-05-28 18:10:00,126] INFO Client environment:java.home=/Library/Java/JavaVirtualMachines/jdk1.8.0_241.jdk/Contents/Home/jre (org.apache.zookeeper.ZooKeeper)
[2020-05-28 18:10:00,126] INFO Client environment:java.class.path=.:%JAVA_HOME%libdt.jar:%JAVA_HOME%libtools.jar:/worker/java/kafka2.11-2.1.1/bin/../libs/activation-1.1.1.jar:/worker/java/kafka2.11-2.1.1/bin/../libs/aopalliance-repackaged-2.5.0-b42.jar:/worker/java/kafka2.11-2.1.1/bin/../libs/argparse4j-0.7.0.jar:/worker/java/kafka2.11-2.1.1/bin/../libs/audience-annotations-0.5.0.jar:/worker/java/kafka2.11-2.1.1/bin/../libs/commons-lang3-3.8.1.jar:/worker/java/kafka2.11-2.1.1/bin/../libs/connect-api-2.1.1.jar:/worker/java/kafka2.11-2.1.1/bin/../libs/connect-basic-auth-extension-2.1.1.jar:/worker/java/kafka2.11-2.1.1/bin/../libs/connect-file-2.1.1.jar:/worker/java/kafka2.11-2.1.1/bin/../libs/connect-json-2.1.1.jar:/worker/java/kafka2.11-2.1.1/bin/../libs/connect-runtime-2.1.1.jar:/worker/java/kafka2.11-2.1.1/bin/../libs/connect-transforms-2.1.1.jar:/worker/java/kafka2.11-2.1.1/bin/../libs/guava-20.0.jar:/worker/java/kafka2.11-2.1.1/bin/../libs/hk2-api-2.5.0-b42.jar:/worker/java/kafka2.11-2.1.1/bin/../libs/hk2-locator-2.5.0-b42.jar:/worker/java/kafka2.11-2.1.1/bin/../libs/hk2-utils-2.5.0-b42.jar:/worker/java/kafka2.11-2.1.1/bin/../libs/jackson-annotations-2.9.8.jar:/worker/java/kafka2.11-2.1.1/bin/../libs/jackson-core-2.9.8.jar:/worker/java/kafka2.11-2.1.1/bin/../libs/jackson-databind-2.9.8.jar:/worker/java/kafka2.11-2.1.1/bin/../libs/jackson-jaxrs-base-2.9.8.jar:/worker/java/kafka2.11-2.1.1/bin/../libs/jackson-jaxrs-json-provider-2.9.8.jar:/worker/java/kafka2.11-2.1.1/bin/../libs/jackson-module-jaxb-annotations-2.9.8.jar:/worker/java/kafka2.11-2.1.1/bin/../libs/javassist-3.22.0-CR2.jar:/worker/java/kafka2.11-2.1.1/bin/../libs/javax.annotation-api-1.2.jar:/worker/java/kafka2.11-2.1.1/bin/../libs/javax.inject-1.jar:/worker/java/kafka2.11-2.1.1/bin/../libs/javax.inject-2.5.0-b42.jar:/worker/java/kafka2.11-2.1.1/bin/../libs/javax.servlet-api-3.1.0.jar:/worker/java/kafka2.11-2.1.1/bin/../libs/javax.ws.rs-api-2.1.1.jar:/worker/java/kafka2.11-2.1.1/bin/../libs/javax.ws.rs-api-2.1.jar:/worker/java/kafka2.11-2.1.1/bin/../libs/jaxb-api-2.3.0.jar:/worker/java/kafka2.11-2.1.1/bin/../libs/jersey-client-2.27.jar:/worker/java/kafka2.11-2.1.1/bin/../libs/jersey-common-2.27.jar:/worker/java/kafka2.11-2.1.1/bin/../libs/jersey-container-servlet-2.27.jar:/worker/java/kafka2.11-2.1.1/bin/../libs/jersey-container-servlet-core-2.27.jar:/worker/java/kafka2.11-2.1.1/bin/../libs/jersey-hk2-2.27.jar:/worker/java/kafka2.11-2.1.1/bin/../libs/jersey-media-jaxb-2.27.jar:/worker/java/kafka2.11-2.1.1/bin/../libs/jersey-server-2.27.jar:/worker/java/kafka2.11-2.1.1/bin/../libs/jetty-client-9.4.12.v20180830.jar:/worker/java/kafka2.11-2.1.1/bin/../libs/jetty-continuation-9.4.12.v20180830.jar:/worker/java/kafka2.11-2.1.1/bin/../libs/jetty-http-9.4.12.v20180830.jar:/worker/java/kafka2.11-2.1.1/bin/../libs/jetty-io-9.4.12.v20180830.jar:/worker/java/kafka2.11-2.1.1/bin/../libs/jetty-security-9.4.12.v20180830.jar:/worker/java/kafka2.11-2.1.1/bin/../libs/jetty-server-9.4.12.v20180830.jar:/worker/java/kafka2.11-2.1.1/bin/../libs/jetty-servlet-9.4.12.v20180830.jar:/worker/java/kafka2.11-2.1.1/bin/../libs/jetty-servlets-9.4.12.v20180830.jar:/worker/java/kafka2.11-2.1.1/bin/../libs/jetty-util-9.4.12.v20180830.jar:/worker/java/kafka2.11-2.1.1/bin/../libs/jopt-simple-5.0.4.jar:/worker/java/kafka2.11-2.1.1/bin/../libs/kafka-clients-2.1.1.jar:/worker/java/kafka2.11-2.1.1/bin/../libs/kafka-log4j-appender-2.1.1.jar:/worker/java/kafka2.11-2.1.1/bin/../libs/kafka-streams-2.1.1.jar:/worker/java/kafka2.11-2.1.1/bin/../libs/kafka-streams-examples-2.1.1.jar:/worker/java/kafka2.11-2.1.1/bin/../libs/kafka-streams-scala_2.11-2.1.1.jar:/worker/java/kafka2.11-2.1.1/bin/../libs/kafka-streams-test-utils-2.1.1.jar:/worker/java/kafka2.11-2.1.1/bin/../libs/kafka-tools-2.1.1.jar:/worker/java/kafka2.11-2.1.1/bin/../libs/kafka_2.11-2.1.1-sources.jar:/worker/java/kafka2.11-2.1.1/bin/../libs/kafka_2.11-2.1.1.jar:/worker/java/kafka2.11-2.1.1/bin/../libs/log4j-1.2.17.jar:/worker/java/kafka2.11-2.1.1/bin/../libs/lz4-java-1.5.0.jar:/worker/java/kafka2.11-2.1.1/bin/../libs/maven-artifact-3.6.0.jar:/worker/java/kafka2.11-2.1.1/bin/../libs/metrics-core-2.2.0.jar:/worker/java/kafka2.11-2.1.1/bin/../libs/osgi-resource-locator-1.0.1.jar:/worker/java/kafka2.11-2.1.1/bin/../libs/plexus-utils-3.1.0.jar:/worker/java/kafka2.11-2.1.1/bin/../libs/reflections-0.9.11.jar:/worker/java/kafka2.11-2.1.1/bin/../libs/rocksdbjni-5.14.2.jar:/worker/java/kafka2.11-2.1.1/bin/../libs/scala-library-2.11.12.jar:/worker/java/kafka2.11-2.1.1/bin/../libs/scala-logging_2.11-3.9.0.jar:/worker/java/kafka2.11-2.1.1/bin/../libs/scala-reflect-2.11.12.jar:/worker/java/kafka2.11-2.1.1/bin/../libs/slf4j-api-1.7.25.jar:/worker/java/kafka2.11-2.1.1/bin/../libs/slf4j-log4j12-1.7.25.jar:/worker/java/kafka2.11-2.1.1/bin/../libs/snappy-java-1.1.7.2.jar:/worker/java/kafka2.11-2.1.1/bin/../libs/validation-api-1.1.0.Final.jar:/worker/java/kafka2.11-2.1.1/bin/../libs/zkclient-0.11.jar:/worker/java/kafka2.11-2.1.1/bin/../libs/zookeeper-3.4.13.jar:/worker/java/kafka2.11-2.1.1/bin/../libs/zstd-jni-1.3.7-1.jar (org.apache.zookeeper.ZooKeeper)
[2020-05-28 18:10:00,126] INFO Client environment:java.library.path=/Users/zscome/Library/Java/Extensions:/Library/Java/Extensions:/Network/Library/Java/Extensions:/System/Library/Java/Extensions:/usr/lib/java:. (org.apache.zookeeper.ZooKeeper)
[2020-05-28 18:10:00,126] INFO Client environment:java.io.tmpdir=/var/folders/g1/vpt8s3rs4bxb_3fs1yb46f4h0000gn/T/ (org.apache.zookeeper.ZooKeeper)
[2020-05-28 18:10:00,127] INFO Client environment:java.compiler=<NA> (org.apache.zookeeper.ZooKeeper)
[2020-05-28 18:10:00,127] INFO Client environment:os.name=Mac OS X (org.apache.zookeeper.ZooKeeper)
[2020-05-28 18:10:00,127] INFO Client environment:os.arch=x86_64 (org.apache.zookeeper.ZooKeeper)
[2020-05-28 18:10:00,127] INFO Client environment:os.version=10.13.6 (org.apache.zookeeper.ZooKeeper)
[2020-05-28 18:10:00,127] INFO Client environment:user.name=zscome (org.apache.zookeeper.ZooKeeper)
[2020-05-28 18:10:00,127] INFO Client environment:user.home=/Users/zscome (org.apache.zookeeper.ZooKeeper)
[2020-05-28 18:10:00,127] INFO Client environment:user.dir=/huyue/workspace/java/kafka2.11-2.1.1/bin (org.apache.zookeeper.ZooKeeper)
[2020-05-28 18:10:00,129] INFO Initiating client connection, connectString=localhost:2181 sessionTimeout=6000 watcher=kafka.zookeeper.ZooKeeperClient$ZooKeeperClientWatcher$@6069db50 (org.apache.zookeeper.ZooKeeper)
[2020-05-28 18:10:00,145] INFO [ZooKeeperClient] Waiting until connected. (kafka.zookeeper.ZooKeeperClient)
[2020-05-28 18:10:00,147] INFO Opening socket connection to server localhost/127.0.0.1:2181. Will not attempt to authenticate using SASL (unknown error) (org.apache.zookeeper.ClientCnxn)
[2020-05-28 18:10:00,174] INFO Socket connection established to localhost/127.0.0.1:2181, initiating session (org.apache.zookeeper.ClientCnxn)
[2020-05-28 18:10:00,193] INFO Session establishment complete on server localhost/127.0.0.1:2181, sessionid = 0x1725ac28d430000, negotiated timeout = 6000 (org.apache.zookeeper.ClientCnxn)
[2020-05-28 18:10:00,195] INFO [ZooKeeperClient] Connected. (kafka.zookeeper.ZooKeeperClient)
[2020-05-28 18:10:00,486] INFO Cluster ID = o1e2Ulp5SJavbLAxvpC15g (kafka.server.KafkaServer)
[2020-05-28 18:10:00,555] INFO KafkaConfig values: 
	advertised.host.name = null
	advertised.listeners = null
	advertised.port = null
	alter.config.policy.class.name = null
	alter.log.dirs.replication.quota.window.num = 11
	alter.log.dirs.replication.quota.window.size.seconds = 1
	authorizer.class.name = 
	auto.create.topics.enable = true
	auto.leader.rebalance.enable = true
	background.threads = 10
	broker.id = 0
	broker.id.generation.enable = true
	broker.rack = null
	client.quota.callback.class = null
	compression.type = producer
	connection.failed.authentication.delay.ms = 100
	connections.max.idle.ms = 600000
	controlled.shutdown.enable = true
	controlled.shutdown.max.retries = 3
	controlled.shutdown.retry.backoff.ms = 5000
	controller.socket.timeout.ms = 30000
	create.topic.policy.class.name = null
	default.replication.factor = 1
	delegation.token.expiry.check.interval.ms = 3600000
	delegation.token.expiry.time.ms = 86400000
	delegation.token.master.key = null
	delegation.token.max.lifetime.ms = 604800000
	delete.records.purgatory.purge.interval.requests = 1
	delete.topic.enable = true
	fetch.purgatory.purge.interval.requests = 1000
	group.initial.rebalance.delay.ms = 0
	group.max.session.timeout.ms = 300000
	group.min.session.timeout.ms = 6000
	host.name = 
	inter.broker.listener.name = null
	inter.broker.protocol.version = 2.1-IV2
	kafka.metrics.polling.interval.secs = 10
	kafka.metrics.reporters = []
	leader.imbalance.check.interval.seconds = 300
	leader.imbalance.per.broker.percentage = 10
	listener.security.protocol.map = PLAINTEXT:PLAINTEXT,SSL:SSL,SASL_PLAINTEXT:SASL_PLAINTEXT,SASL_SSL:SASL_SSL
	listeners = null
	log.cleaner.backoff.ms = 15000
	log.cleaner.dedupe.buffer.size = 134217728
	log.cleaner.delete.retention.ms = 86400000
	log.cleaner.enable = true
	log.cleaner.io.buffer.load.factor = 0.9
	log.cleaner.io.buffer.size = 524288
	log.cleaner.io.max.bytes.per.second = 1.7976931348623157E308
	log.cleaner.min.cleanable.ratio = 0.5
	log.cleaner.min.compaction.lag.ms = 0
	log.cleaner.threads = 1
	log.cleanup.policy = [delete]
	log.dir = /tmp/kafka-logs
	log.dirs = /tmp/kafka-logs
	log.flush.interval.messages = 9223372036854775807
	log.flush.interval.ms = null
	log.flush.offset.checkpoint.interval.ms = 60000
	log.flush.scheduler.interval.ms = 9223372036854775807
	log.flush.start.offset.checkpoint.interval.ms = 60000
	log.index.interval.bytes = 4096
	log.index.size.max.bytes = 10485760
	log.message.downconversion.enable = true
	log.message.format.version = 2.1-IV2
	log.message.timestamp.difference.max.ms = 9223372036854775807
	log.message.timestamp.type = CreateTime
	log.preallocate = false
	log.retention.bytes = -1
	log.retention.check.interval.ms = 300000
	log.retention.hours = 168
	log.retention.minutes = null
	log.retention.ms = null
	log.roll.hours = 168
	log.roll.jitter.hours = 0
	log.roll.jitter.ms = null
	log.roll.ms = null
	log.segment.bytes = 1073741824
	log.segment.delete.delay.ms = 60000
	max.connections.per.ip = 2147483647
	max.connections.per.ip.overrides = 
	max.incremental.fetch.session.cache.slots = 1000
	message.max.bytes = 1000012
	metric.reporters = []
	metrics.num.samples = 2
	metrics.recording.level = INFO
	metrics.sample.window.ms = 30000
	min.insync.replicas = 1
	num.io.threads = 8
	num.network.threads = 3
	num.partitions = 1
	num.recovery.threads.per.data.dir = 1
	num.replica.alter.log.dirs.threads = null
	num.replica.fetchers = 1
	offset.metadata.max.bytes = 4096
	offsets.commit.required.acks = -1
	offsets.commit.timeout.ms = 5000
	offsets.load.buffer.size = 5242880
	offsets.retention.check.interval.ms = 600000
	offsets.retention.minutes = 10080
	offsets.topic.compression.codec = 0
	offsets.topic.num.partitions = 50
	offsets.topic.replication.factor = 1
	offsets.topic.segment.bytes = 104857600
	password.encoder.cipher.algorithm = AES/CBC/PKCS5Padding
	password.encoder.iterations = 4096
	password.encoder.key.length = 128
	password.encoder.keyfactory.algorithm = null
	password.encoder.old.secret = null
	password.encoder.secret = null
	port = 9092
	principal.builder.class = null
	producer.purgatory.purge.interval.requests = 1000
	queued.max.request.bytes = -1
	queued.max.requests = 500
	quota.consumer.default = 9223372036854775807
	quota.producer.default = 9223372036854775807
	quota.window.num = 11
	quota.window.size.seconds = 1
	replica.fetch.backoff.ms = 1000
	replica.fetch.max.bytes = 1048576
	replica.fetch.min.bytes = 1
	replica.fetch.response.max.bytes = 10485760
	replica.fetch.wait.max.ms = 500
	replica.high.watermark.checkpoint.interval.ms = 5000
	replica.lag.time.max.ms = 10000
	replica.socket.receive.buffer.bytes = 65536
	replica.socket.timeout.ms = 30000
	replication.quota.window.num = 11
	replication.quota.window.size.seconds = 1
	request.timeout.ms = 30000
	reserved.broker.max.id = 1000
	sasl.client.callback.handler.class = null
	sasl.enabled.mechanisms = [GSSAPI]
	sasl.jaas.config = null
	sasl.kerberos.kinit.cmd = /usr/bin/kinit
	sasl.kerberos.min.time.before.relogin = 60000
	sasl.kerberos.principal.to.local.rules = [DEFAULT]
	sasl.kerberos.service.name = null
	sasl.kerberos.ticket.renew.jitter = 0.05
	sasl.kerberos.ticket.renew.window.factor = 0.8
	sasl.login.callback.handler.class = null
	sasl.login.class = null
	sasl.login.refresh.buffer.seconds = 300
	sasl.login.refresh.min.period.seconds = 60
	sasl.login.refresh.window.factor = 0.8
	sasl.login.refresh.window.jitter = 0.05
	sasl.mechanism.inter.broker.protocol = GSSAPI
	sasl.server.callback.handler.class = null
	security.inter.broker.protocol = PLAINTEXT
	socket.receive.buffer.bytes = 102400
	socket.request.max.bytes = 104857600
	socket.send.buffer.bytes = 102400
	ssl.cipher.suites = []
	ssl.client.auth = none
	ssl.enabled.protocols = [TLSv1.2, TLSv1.1, TLSv1]
	ssl.endpoint.identification.algorithm = https
	ssl.key.password = null
	ssl.keymanager.algorithm = SunX509
	ssl.keystore.location = null
	ssl.keystore.password = null
	ssl.keystore.type = JKS
	ssl.protocol = TLS
	ssl.provider = null
	ssl.secure.random.implementation = null
	ssl.trustmanager.algorithm = PKIX
	ssl.truststore.location = null
	ssl.truststore.password = null
	ssl.truststore.type = JKS
	transaction.abort.timed.out.transaction.cleanup.interval.ms = 60000
	transaction.max.timeout.ms = 900000
	transaction.remove.expired.transaction.cleanup.interval.ms = 3600000
	transaction.state.log.load.buffer.size = 5242880
	transaction.state.log.min.isr = 1
	transaction.state.log.num.partitions = 50
	transaction.state.log.replication.factor = 1
	transaction.state.log.segment.bytes = 104857600
	transactional.id.expiration.ms = 604800000
	unclean.leader.election.enable = false
	zookeeper.connect = localhost:2181
	zookeeper.connection.timeout.ms = 6000
	zookeeper.max.in.flight.requests = 10
	zookeeper.session.timeout.ms = 6000
	zookeeper.set.acl = false
	zookeeper.sync.time.ms = 2000
 (kafka.server.KafkaConfig)
[2020-05-28 18:10:00,564] INFO KafkaConfig values: 
	advertised.host.name = null
	advertised.listeners = null
	advertised.port = null
	alter.config.policy.class.name = null
	alter.log.dirs.replication.quota.window.num = 11
	alter.log.dirs.replication.quota.window.size.seconds = 1
	authorizer.class.name = 
	auto.create.topics.enable = true
	auto.leader.rebalance.enable = true
	background.threads = 10
	broker.id = 0
	broker.id.generation.enable = true
	broker.rack = null
	client.quota.callback.class = null
	compression.type = producer
	connection.failed.authentication.delay.ms = 100
	connections.max.idle.ms = 600000
	controlled.shutdown.enable = true
	controlled.shutdown.max.retries = 3
	controlled.shutdown.retry.backoff.ms = 5000
	controller.socket.timeout.ms = 30000
	create.topic.policy.class.name = null
	default.replication.factor = 1
	delegation.token.expiry.check.interval.ms = 3600000
	delegation.token.expiry.time.ms = 86400000
	delegation.token.master.key = null
	delegation.token.max.lifetime.ms = 604800000
	delete.records.purgatory.purge.interval.requests = 1
	delete.topic.enable = true
	fetch.purgatory.purge.interval.requests = 1000
	group.initial.rebalance.delay.ms = 0
	group.max.session.timeout.ms = 300000
	group.min.session.timeout.ms = 6000
	host.name = 
	inter.broker.listener.name = null
	inter.broker.protocol.version = 2.1-IV2
	kafka.metrics.polling.interval.secs = 10
	kafka.metrics.reporters = []
	leader.imbalance.check.interval.seconds = 300
	leader.imbalance.per.broker.percentage = 10
	listener.security.protocol.map = PLAINTEXT:PLAINTEXT,SSL:SSL,SASL_PLAINTEXT:SASL_PLAINTEXT,SASL_SSL:SASL_SSL
	listeners = null
	log.cleaner.backoff.ms = 15000
	log.cleaner.dedupe.buffer.size = 134217728
	log.cleaner.delete.retention.ms = 86400000
	log.cleaner.enable = true
	log.cleaner.io.buffer.load.factor = 0.9
	log.cleaner.io.buffer.size = 524288
	log.cleaner.io.max.bytes.per.second = 1.7976931348623157E308
	log.cleaner.min.cleanable.ratio = 0.5
	log.cleaner.min.compaction.lag.ms = 0
	log.cleaner.threads = 1
	log.cleanup.policy = [delete]
	log.dir = /tmp/kafka-logs
	log.dirs = /tmp/kafka-logs
	log.flush.interval.messages = 9223372036854775807
	log.flush.interval.ms = null
	log.flush.offset.checkpoint.interval.ms = 60000
	log.flush.scheduler.interval.ms = 9223372036854775807
	log.flush.start.offset.checkpoint.interval.ms = 60000
	log.index.interval.bytes = 4096
	log.index.size.max.bytes = 10485760
	log.message.downconversion.enable = true
	log.message.format.version = 2.1-IV2
	log.message.timestamp.difference.max.ms = 9223372036854775807
	log.message.timestamp.type = CreateTime
	log.preallocate = false
	log.retention.bytes = -1
	log.retention.check.interval.ms = 300000
	log.retention.hours = 168
	log.retention.minutes = null
	log.retention.ms = null
	log.roll.hours = 168
	log.roll.jitter.hours = 0
	log.roll.jitter.ms = null
	log.roll.ms = null
	log.segment.bytes = 1073741824
	log.segment.delete.delay.ms = 60000
	max.connections.per.ip = 2147483647
	max.connections.per.ip.overrides = 
	max.incremental.fetch.session.cache.slots = 1000
	message.max.bytes = 1000012
	metric.reporters = []
	metrics.num.samples = 2
	metrics.recording.level = INFO
	metrics.sample.window.ms = 30000
	min.insync.replicas = 1
	num.io.threads = 8
	num.network.threads = 3
	num.partitions = 1
	num.recovery.threads.per.data.dir = 1
	num.replica.alter.log.dirs.threads = null
	num.replica.fetchers = 1
	offset.metadata.max.bytes = 4096
	offsets.commit.required.acks = -1
	offsets.commit.timeout.ms = 5000
	offsets.load.buffer.size = 5242880
	offsets.retention.check.interval.ms = 600000
	offsets.retention.minutes = 10080
	offsets.topic.compression.codec = 0
	offsets.topic.num.partitions = 50
	offsets.topic.replication.factor = 1
	offsets.topic.segment.bytes = 104857600
	password.encoder.cipher.algorithm = AES/CBC/PKCS5Padding
	password.encoder.iterations = 4096
	password.encoder.key.length = 128
	password.encoder.keyfactory.algorithm = null
	password.encoder.old.secret = null
	password.encoder.secret = null
	port = 9092
	principal.builder.class = null
	producer.purgatory.purge.interval.requests = 1000
	queued.max.request.bytes = -1
	queued.max.requests = 500
	quota.consumer.default = 9223372036854775807
	quota.producer.default = 9223372036854775807
	quota.window.num = 11
	quota.window.size.seconds = 1
	replica.fetch.backoff.ms = 1000
	replica.fetch.max.bytes = 1048576
	replica.fetch.min.bytes = 1
	replica.fetch.response.max.bytes = 10485760
	replica.fetch.wait.max.ms = 500
	replica.high.watermark.checkpoint.interval.ms = 5000
	replica.lag.time.max.ms = 10000
	replica.socket.receive.buffer.bytes = 65536
	replica.socket.timeout.ms = 30000
	replication.quota.window.num = 11
	replication.quota.window.size.seconds = 1
	request.timeout.ms = 30000
	reserved.broker.max.id = 1000
	sasl.client.callback.handler.class = null
	sasl.enabled.mechanisms = [GSSAPI]
	sasl.jaas.config = null
	sasl.kerberos.kinit.cmd = /usr/bin/kinit
	sasl.kerberos.min.time.before.relogin = 60000
	sasl.kerberos.principal.to.local.rules = [DEFAULT]
	sasl.kerberos.service.name = null
	sasl.kerberos.ticket.renew.jitter = 0.05
	sasl.kerberos.ticket.renew.window.factor = 0.8
	sasl.login.callback.handler.class = null
	sasl.login.class = null
	sasl.login.refresh.buffer.seconds = 300
	sasl.login.refresh.min.period.seconds = 60
	sasl.login.refresh.window.factor = 0.8
	sasl.login.refresh.window.jitter = 0.05
	sasl.mechanism.inter.broker.protocol = GSSAPI
	sasl.server.callback.handler.class = null
	security.inter.broker.protocol = PLAINTEXT
	socket.receive.buffer.bytes = 102400
	socket.request.max.bytes = 104857600
	socket.send.buffer.bytes = 102400
	ssl.cipher.suites = []
	ssl.client.auth = none
	ssl.enabled.protocols = [TLSv1.2, TLSv1.1, TLSv1]
	ssl.endpoint.identification.algorithm = https
	ssl.key.password = null
	ssl.keymanager.algorithm = SunX509
	ssl.keystore.location = null
	ssl.keystore.password = null
	ssl.keystore.type = JKS
	ssl.protocol = TLS
	ssl.provider = null
	ssl.secure.random.implementation = null
	ssl.trustmanager.algorithm = PKIX
	ssl.truststore.location = null
	ssl.truststore.password = null
	ssl.truststore.type = JKS
	transaction.abort.timed.out.transaction.cleanup.interval.ms = 60000
	transaction.max.timeout.ms = 900000
	transaction.remove.expired.transaction.cleanup.interval.ms = 3600000
	transaction.state.log.load.buffer.size = 5242880
	transaction.state.log.min.isr = 1
	transaction.state.log.num.partitions = 50
	transaction.state.log.replication.factor = 1
	transaction.state.log.segment.bytes = 104857600
	transactional.id.expiration.ms = 604800000
	unclean.leader.election.enable = false
	zookeeper.connect = localhost:2181
	zookeeper.connection.timeout.ms = 6000
	zookeeper.max.in.flight.requests = 10
	zookeeper.session.timeout.ms = 6000
	zookeeper.set.acl = false
	zookeeper.sync.time.ms = 2000
 (kafka.server.KafkaConfig)
[2020-05-28 18:10:00,614] INFO [ThrottledChannelReaper-Fetch]: Starting (kafka.server.ClientQuotaManager$ThrottledChannelReaper)
[2020-05-28 18:10:00,617] INFO [ThrottledChannelReaper-Produce]: Starting (kafka.server.ClientQuotaManager$ThrottledChannelReaper)
[2020-05-28 18:10:00,618] INFO [ThrottledChannelReaper-Request]: Starting (kafka.server.ClientQuotaManager$ThrottledChannelReaper)
[2020-05-28 18:10:00,658] INFO Loading logs. (kafka.log.LogManager)
[2020-05-28 18:10:00,667] INFO Logs loading complete in 8 ms. (kafka.log.LogManager)
[2020-05-28 18:10:00,679] INFO Starting log cleanup with a period of 300000 ms. (kafka.log.LogManager)
[2020-05-28 18:10:00,681] INFO Starting log flusher with a default period of 9223372036854775807 ms. (kafka.log.LogManager)
[2020-05-28 18:10:01,175] INFO Awaiting socket connections on 0.0.0.0:9092. (kafka.network.Acceptor)
[2020-05-28 18:10:01,209] INFO [SocketServer brokerId=0] Started 1 acceptor threads (kafka.network.SocketServer)
[2020-05-28 18:10:01,237] INFO [ExpirationReaper-0-Produce]: Starting (kafka.server.DelayedOperationPurgatory$ExpiredOperationReaper)
[2020-05-28 18:10:01,238] INFO [ExpirationReaper-0-Fetch]: Starting (kafka.server.DelayedOperationPurgatory$ExpiredOperationReaper)
[2020-05-28 18:10:01,239] INFO [ExpirationReaper-0-DeleteRecords]: Starting (kafka.server.DelayedOperationPurgatory$ExpiredOperationReaper)
[2020-05-28 18:10:01,250] INFO [LogDirFailureHandler]: Starting (kafka.server.ReplicaManager$LogDirFailureHandler)
[2020-05-28 18:10:01,316] INFO Creating /brokers/ids/0 (is it secure? false) (kafka.zk.KafkaZkClient)
[2020-05-28 18:10:01,322] ERROR Error while creating ephemeral at /brokers/ids/0, node already exists and owner '104245522794348544' does not match current session '104245533023076352' (kafka.zk.KafkaZkClient$CheckedEphemeral)
[2020-05-28 18:10:01,322] INFO Result of znode creation at /brokers/ids/0 is: NODEEXISTS (kafka.zk.KafkaZkClient)
[2020-05-28 18:10:01,333] ERROR [KafkaServer id=0] Fatal error during KafkaServer startup. Prepare to shutdown (kafka.server.KafkaServer)
org.apache.zookeeper.KeeperException$NodeExistsException: KeeperErrorCode = NodeExists
	at org.apache.zookeeper.KeeperException.create(KeeperException.java:122)
	at kafka.zk.KafkaZkClient.checkedEphemeralCreate(KafkaZkClient.scala:1631)
	at kafka.zk.KafkaZkClient.registerBroker(KafkaZkClient.scala:87)
	at kafka.server.KafkaServer.startup(KafkaServer.scala:257)
	at kafka.server.KafkaServerStartable.startup(KafkaServerStartable.scala:38)
	at kafka.Kafka$.main(Kafka.scala:75)
	at kafka.Kafka.main(Kafka.scala)
[2020-05-28 18:10:01,337] INFO [KafkaServer id=0] shutting down (kafka.server.KafkaServer)
[2020-05-28 18:10:01,340] INFO [SocketServer brokerId=0] Stopping socket server request processors (kafka.network.SocketServer)
[2020-05-28 18:10:01,348] INFO [SocketServer brokerId=0] Stopped socket server request processors (kafka.network.SocketServer)
[2020-05-28 18:10:01,351] INFO [ReplicaManager broker=0] Shutting down (kafka.server.ReplicaManager)
[2020-05-28 18:10:01,352] INFO [LogDirFailureHandler]: Shutting down (kafka.server.ReplicaManager$LogDirFailureHandler)
[2020-05-28 18:10:01,353] INFO [LogDirFailureHandler]: Stopped (kafka.server.ReplicaManager$LogDirFailureHandler)
[2020-05-28 18:10:01,353] INFO [LogDirFailureHandler]: Shutdown completed (kafka.server.ReplicaManager$LogDirFailureHandler)
[2020-05-28 18:10:01,353] INFO [ReplicaFetcherManager on broker 0] shutting down (kafka.server.ReplicaFetcherManager)
[2020-05-28 18:10:01,357] INFO [ReplicaFetcherManager on broker 0] shutdown completed (kafka.server.ReplicaFetcherManager)
[2020-05-28 18:10:01,357] INFO [ReplicaAlterLogDirsManager on broker 0] shutting down (kafka.server.ReplicaAlterLogDirsManager)
[2020-05-28 18:10:01,358] INFO [ReplicaAlterLogDirsManager on broker 0] shutdown completed (kafka.server.ReplicaAlterLogDirsManager)
[2020-05-28 18:10:01,358] INFO [ExpirationReaper-0-Fetch]: Shutting down (kafka.server.DelayedOperationPurgatory$ExpiredOperationReaper)
[2020-05-28 18:10:01,440] INFO [ExpirationReaper-0-Fetch]: Stopped (kafka.server.DelayedOperationPurgatory$ExpiredOperationReaper)
[2020-05-28 18:10:01,440] INFO [ExpirationReaper-0-Fetch]: Shutdown completed (kafka.server.DelayedOperationPurgatory$ExpiredOperationReaper)
[2020-05-28 18:10:01,441] INFO [ExpirationReaper-0-Produce]: Shutting down (kafka.server.DelayedOperationPurgatory$ExpiredOperationReaper)
[2020-05-28 18:10:01,641] INFO [ExpirationReaper-0-Produce]: Stopped (kafka.server.DelayedOperationPurgatory$ExpiredOperationReaper)
[2020-05-28 18:10:01,641] INFO [ExpirationReaper-0-Produce]: Shutdown completed (kafka.server.DelayedOperationPurgatory$ExpiredOperationReaper)
[2020-05-28 18:10:01,642] INFO [ExpirationReaper-0-DeleteRecords]: Shutting down (kafka.server.DelayedOperationPurgatory$ExpiredOperationReaper)
[2020-05-28 18:10:01,847] INFO [ExpirationReaper-0-DeleteRecords]: Stopped (kafka.server.DelayedOperationPurgatory$ExpiredOperationReaper)
[2020-05-28 18:10:01,847] INFO [ExpirationReaper-0-DeleteRecords]: Shutdown completed (kafka.server.DelayedOperationPurgatory$ExpiredOperationReaper)
[2020-05-28 18:10:01,860] INFO [ReplicaManager broker=0] Shut down completely (kafka.server.ReplicaManager)
[2020-05-28 18:10:01,861] INFO Shutting down. (kafka.log.LogManager)
[2020-05-28 18:10:01,877] INFO Shutdown complete. (kafka.log.LogManager)
[2020-05-28 18:10:01,878] INFO [ZooKeeperClient] Closing. (kafka.zookeeper.ZooKeeperClient)
[2020-05-28 18:10:01,880] INFO Session: 0x1725ac28d430000 closed (org.apache.zookeeper.ZooKeeper)
[2020-05-28 18:10:01,882] INFO [ZooKeeperClient] Closed. (kafka.zookeeper.ZooKeeperClient)
[2020-05-28 18:10:01,882] INFO EventThread shut down for session: 0x1725ac28d430000 (org.apache.zookeeper.ClientCnxn)
[2020-05-28 18:10:01,882] INFO [ThrottledChannelReaper-Fetch]: Shutting down (kafka.server.ClientQuotaManager$ThrottledChannelReaper)
[2020-05-28 18:10:02,617] INFO [ThrottledChannelReaper-Fetch]: Stopped (kafka.server.ClientQuotaManager$ThrottledChannelReaper)
[2020-05-28 18:10:02,617] INFO [ThrottledChannelReaper-Fetch]: Shutdown completed (kafka.server.ClientQuotaManager$ThrottledChannelReaper)
[2020-05-28 18:10:02,617] INFO [ThrottledChannelReaper-Produce]: Shutting down (kafka.server.ClientQuotaManager$ThrottledChannelReaper)
[2020-05-28 18:10:02,618] INFO [ThrottledChannelReaper-Produce]: Stopped (kafka.server.ClientQuotaManager$ThrottledChannelReaper)
[2020-05-28 18:10:02,618] INFO [ThrottledChannelReaper-Produce]: Shutdown completed (kafka.server.ClientQuotaManager$ThrottledChannelReaper)
[2020-05-28 18:10:02,618] INFO [ThrottledChannelReaper-Request]: Shutting down (kafka.server.ClientQuotaManager$ThrottledChannelReaper)
[2020-05-28 18:10:02,623] INFO [ThrottledChannelReaper-Request]: Stopped (kafka.server.ClientQuotaManager$ThrottledChannelReaper)
[2020-05-28 18:10:02,623] INFO [ThrottledChannelReaper-Request]: Shutdown completed (kafka.server.ClientQuotaManager$ThrottledChannelReaper)
[2020-05-28 18:10:02,632] INFO [SocketServer brokerId=0] Shutting down socket server (kafka.network.SocketServer)
[2020-05-28 18:10:02,677] INFO [SocketServer brokerId=0] Shutdown completed (kafka.network.SocketServer)
[2020-05-28 18:10:02,687] INFO [KafkaServer id=0] shut down completed (kafka.server.KafkaServer)
[2020-05-28 18:10:02,689] ERROR Exiting Kafka. (kafka.server.KafkaServerStartable)
[2020-05-28 18:10:02,693] INFO [KafkaServer id=0] shutting down (kafka.server.KafkaServer)
